TimeQuest Timing Analyzer report for entrega2-NIOSBlinkLed
Thu Aug 30 08:53:15 2018
Quartus Prime Version 16.1.0 Build 196 10/24/2016 SJ Standard Edition


---------------------
; Table of Contents ;
---------------------
  1. Legal Notice
  2. TimeQuest Timing Analyzer Summary
  3. Parallel Compilation
  4. SDC File List
  5. Clocks
  6. Slow 1100mV 100C Model Fmax Summary
  7. Timing Closure Recommendations
  8. Slow 1100mV 100C Model Setup Summary
  9. Slow 1100mV 100C Model Hold Summary
 10. Slow 1100mV 100C Model Recovery Summary
 11. Slow 1100mV 100C Model Removal Summary
 12. Slow 1100mV 100C Model Minimum Pulse Width Summary
 13. Slow 1100mV 100C Model Metastability Summary
 14. Slow 1100mV -40C Model Fmax Summary
 15. Slow 1100mV -40C Model Setup Summary
 16. Slow 1100mV -40C Model Hold Summary
 17. Slow 1100mV -40C Model Recovery Summary
 18. Slow 1100mV -40C Model Removal Summary
 19. Slow 1100mV -40C Model Minimum Pulse Width Summary
 20. Slow 1100mV -40C Model Metastability Summary
 21. Fast 1100mV 100C Model Setup Summary
 22. Fast 1100mV 100C Model Hold Summary
 23. Fast 1100mV 100C Model Recovery Summary
 24. Fast 1100mV 100C Model Removal Summary
 25. Fast 1100mV 100C Model Minimum Pulse Width Summary
 26. Fast 1100mV 100C Model Metastability Summary
 27. Fast 1100mV -40C Model Setup Summary
 28. Fast 1100mV -40C Model Hold Summary
 29. Fast 1100mV -40C Model Recovery Summary
 30. Fast 1100mV -40C Model Removal Summary
 31. Fast 1100mV -40C Model Minimum Pulse Width Summary
 32. Fast 1100mV -40C Model Metastability Summary
 33. Multicorner Timing Analysis Summary
 34. Board Trace Model Assignments
 35. Input Transition Times
 36. Signal Integrity Metrics (Slow 1100mv n40c Model)
 37. Signal Integrity Metrics (Slow 1100mv 100c Model)
 38. Signal Integrity Metrics (Fast 1100mv n40c Model)
 39. Signal Integrity Metrics (Fast 1100mv 100c Model)
 40. Setup Transfers
 41. Hold Transfers
 42. Recovery Transfers
 43. Removal Transfers
 44. Report TCCS
 45. Report RSKM
 46. Unconstrained Paths Summary
 47. Clock Status Summary
 48. Unconstrained Input Ports
 49. Unconstrained Output Ports
 50. Unconstrained Input Ports
 51. Unconstrained Output Ports
 52. TimeQuest Timing Analyzer Messages



----------------
; Legal Notice ;
----------------
Copyright (C) 2016  Intel Corporation. All rights reserved.
Your use of Intel Corporation's design tools, logic functions 
and other software and tools, and its AMPP partner logic 
functions, and any output files from any of the foregoing 
(including device programming or simulation files), and any 
associated documentation or information are expressly subject 
to the terms and conditions of the Intel Program License 
Subscription Agreement, the Intel Quartus Prime License Agreement,
the Intel MegaCore Function License Agreement, or other 
applicable license agreement, including, without limitation, 
that your use is for the sole purpose of programming logic 
devices manufactured by Intel and sold by Intel or its 
authorized distributors.  Please refer to the applicable 
agreement for further details.



+---------------------------------------------------------------------------------+
; TimeQuest Timing Analyzer Summary                                               ;
+-----------------------+---------------------------------------------------------+
; Quartus Prime Version ; Version 16.1.0 Build 196 10/24/2016 SJ Standard Edition ;
; Timing Analyzer       ; TimeQuest                                               ;
; Revision Name         ; entrega2-NIOSBlinkLed                                   ;
; Device Family         ; Cyclone V                                               ;
; Device Name           ; 5CSEBA6U23I7                                            ;
; Timing Models         ; Final                                                   ;
; Delay Model           ; Combined                                                ;
; Rise/Fall Delays      ; Enabled                                                 ;
+-----------------------+---------------------------------------------------------+


+------------------------------------------+
; Parallel Compilation                     ;
+----------------------------+-------------+
; Processors                 ; Number      ;
+----------------------------+-------------+
; Number detected on machine ; 12          ;
; Maximum allowed            ; 6           ;
;                            ;             ;
; Average used               ; 2.61        ;
; Maximum used               ; 6           ;
;                            ;             ;
; Usage by Processor         ; % Time Used ;
;     Processor 1            ; 100.0%      ;
;     Processor 2            ;  33.5%      ;
;     Processor 3            ;  33.1%      ;
;     Processor 4            ;  33.0%      ;
;     Processor 5            ;  30.9%      ;
;     Processor 6            ;  30.9%      ;
+----------------------------+-------------+


+---------------------------------------------------------------------------------------------------+
; SDC File List                                                                                     ;
+---------------------------------------------------------------+--------+--------------------------+
; SDC File Path                                                 ; Status ; Read at                  ;
+---------------------------------------------------------------+--------+--------------------------+
; ../entrega1/NIOS-Blink-LED.sdc                                ; OK     ; Thu Aug 30 08:52:57 2018 ;
; niosHello/synthesis/submodules/altera_reset_controller.sdc    ; OK     ; Thu Aug 30 08:52:57 2018 ;
; niosHello/synthesis/submodules/niosHello_nios2_gen2_0_cpu.sdc ; OK     ; Thu Aug 30 08:52:57 2018 ;
+---------------------------------------------------------------+--------+--------------------------+


+----------------------------------------------------------------------------------------------------------------------------------------------------------------------------------------------------------+
; Clocks                                                                                                                                                                                                   ;
+---------------------+------+--------+-----------+-------+--------+------------+-----------+-------------+-------+--------+-----------+------------+----------+--------+--------+-------------------------+
; Clock Name          ; Type ; Period ; Frequency ; Rise  ; Fall   ; Duty Cycle ; Divide by ; Multiply by ; Phase ; Offset ; Edge List ; Edge Shift ; Inverted ; Master ; Source ; Targets                 ;
+---------------------+------+--------+-----------+-------+--------+------------+-----------+-------------+-------+--------+-----------+------------+----------+--------+--------+-------------------------+
; altera_reserved_tck ; Base ; 33.333 ; 30.0 MHz  ; 0.000 ; 16.666 ;            ;           ;             ;       ;        ;           ;            ;          ;        ;        ; { altera_reserved_tck } ;
; fpga_clk_50         ; Base ; 20.000 ; 50.0 MHz  ; 0.000 ; 10.000 ;            ;           ;             ;       ;        ;           ;            ;          ;        ;        ; { fpga_clk_50 }         ;
+---------------------+------+--------+-----------+-------+--------+------------+-----------+-------------+-------+--------+-----------+------------+----------+--------+--------+-------------------------+


+----------------------------------------------------------+
; Slow 1100mV 100C Model Fmax Summary                      ;
+-----------+-----------------+---------------------+------+
; Fmax      ; Restricted Fmax ; Clock Name          ; Note ;
+-----------+-----------------+---------------------+------+
; 73.49 MHz ; 73.49 MHz       ; fpga_clk_50         ;      ;
; 85.79 MHz ; 85.79 MHz       ; altera_reserved_tck ;      ;
+-----------+-----------------+---------------------+------+
This panel reports FMAX for every clock in the design, regardless of the user-specified clock periods.  FMAX is only computed for paths where the source and destination registers or ports are driven by the same clock.  Paths of different clocks, including generated clocks, are ignored.  For paths between a clock and its inversion, FMAX is computed as if the rising and falling edges are scaled along with FMAX, such that the duty cycle (in terms of a percentage) is maintained. Altera recommends that you always use clock constraints and other slack reports for sign-off analysis.


----------------------------------
; Timing Closure Recommendations ;
----------------------------------
HTML report is unavailable in plain text report export.


+----------------------------------------------+
; Slow 1100mV 100C Model Setup Summary         ;
+---------------------+--------+---------------+
; Clock               ; Slack  ; End Point TNS ;
+---------------------+--------+---------------+
; fpga_clk_50         ; 6.393  ; 0.000         ;
; altera_reserved_tck ; 10.838 ; 0.000         ;
+---------------------+--------+---------------+


+---------------------------------------------+
; Slow 1100mV 100C Model Hold Summary         ;
+---------------------+-------+---------------+
; Clock               ; Slack ; End Point TNS ;
+---------------------+-------+---------------+
; altera_reserved_tck ; 0.307 ; 0.000         ;
; fpga_clk_50         ; 0.338 ; 0.000         ;
+---------------------+-------+---------------+


+----------------------------------------------+
; Slow 1100mV 100C Model Recovery Summary      ;
+---------------------+--------+---------------+
; Clock               ; Slack  ; End Point TNS ;
+---------------------+--------+---------------+
; fpga_clk_50         ; 13.775 ; 0.000         ;
; altera_reserved_tck ; 14.149 ; 0.000         ;
+---------------------+--------+---------------+


+---------------------------------------------+
; Slow 1100mV 100C Model Removal Summary      ;
+---------------------+-------+---------------+
; Clock               ; Slack ; End Point TNS ;
+---------------------+-------+---------------+
; fpga_clk_50         ; 1.183 ; 0.000         ;
; altera_reserved_tck ; 1.235 ; 0.000         ;
+---------------------+-------+---------------+


+----------------------------------------------------+
; Slow 1100mV 100C Model Minimum Pulse Width Summary ;
+---------------------+--------+---------------------+
; Clock               ; Slack  ; End Point TNS       ;
+---------------------+--------+---------------------+
; fpga_clk_50         ; 8.824  ; 0.000               ;
; altera_reserved_tck ; 15.701 ; 0.000               ;
+---------------------+--------+---------------------+


------------------------------------------------
; Slow 1100mV 100C Model Metastability Summary ;
------------------------------------------------
Worst-Case MTBF of Design is 1e+09 years or 3.15e+16 seconds.
Typical MTBF of Design is 1e+09 years or 3.15e+16 seconds.

Number of Synchronizer Chains Found: 13
Shortest Synchronizer Chain: 2 Registers
Fraction of Chains for which MTBFs Could Not be Calculated: 0.615
Worst Case Available Settling Time: 18.491 ns

Worst-Case MTBF values are calculated based on the worst-case silicon characteristics, with worst-case operating conditions.
  - Under worst-case conditions, an increase of 100ps in available settling time will increase MTBF values by a factor of 8.0
Typical MTBF values are calculated based on the nominal silicon characteristics, at nominal operating conditions.
  - Under typical conditions, an increase of 100ps in available settling time will increase MTBF values by a factor of 17.8



+----------------------------------------------------------+
; Slow 1100mV -40C Model Fmax Summary                      ;
+-----------+-----------------+---------------------+------+
; Fmax      ; Restricted Fmax ; Clock Name          ; Note ;
+-----------+-----------------+---------------------+------+
; 77.75 MHz ; 77.75 MHz       ; fpga_clk_50         ;      ;
; 89.9 MHz  ; 89.9 MHz        ; altera_reserved_tck ;      ;
+-----------+-----------------+---------------------+------+
This panel reports FMAX for every clock in the design, regardless of the user-specified clock periods.  FMAX is only computed for paths where the source and destination registers or ports are driven by the same clock.  Paths of different clocks, including generated clocks, are ignored.  For paths between a clock and its inversion, FMAX is computed as if the rising and falling edges are scaled along with FMAX, such that the duty cycle (in terms of a percentage) is maintained. Altera recommends that you always use clock constraints and other slack reports for sign-off analysis.


+----------------------------------------------+
; Slow 1100mV -40C Model Setup Summary         ;
+---------------------+--------+---------------+
; Clock               ; Slack  ; End Point TNS ;
+---------------------+--------+---------------+
; fpga_clk_50         ; 7.139  ; 0.000         ;
; altera_reserved_tck ; 11.105 ; 0.000         ;
+---------------------+--------+---------------+


+---------------------------------------------+
; Slow 1100mV -40C Model Hold Summary         ;
+---------------------+-------+---------------+
; Clock               ; Slack ; End Point TNS ;
+---------------------+-------+---------------+
; fpga_clk_50         ; 0.314 ; 0.000         ;
; altera_reserved_tck ; 0.328 ; 0.000         ;
+---------------------+-------+---------------+


+----------------------------------------------+
; Slow 1100mV -40C Model Recovery Summary      ;
+---------------------+--------+---------------+
; Clock               ; Slack  ; End Point TNS ;
+---------------------+--------+---------------+
; fpga_clk_50         ; 14.117 ; 0.000         ;
; altera_reserved_tck ; 14.317 ; 0.000         ;
+---------------------+--------+---------------+


+---------------------------------------------+
; Slow 1100mV -40C Model Removal Summary      ;
+---------------------+-------+---------------+
; Clock               ; Slack ; End Point TNS ;
+---------------------+-------+---------------+
; altera_reserved_tck ; 1.083 ; 0.000         ;
; fpga_clk_50         ; 1.087 ; 0.000         ;
+---------------------+-------+---------------+


+----------------------------------------------------+
; Slow 1100mV -40C Model Minimum Pulse Width Summary ;
+---------------------+--------+---------------------+
; Clock               ; Slack  ; End Point TNS       ;
+---------------------+--------+---------------------+
; fpga_clk_50         ; 8.793  ; 0.000               ;
; altera_reserved_tck ; 15.732 ; 0.000               ;
+---------------------+--------+---------------------+


------------------------------------------------
; Slow 1100mV -40C Model Metastability Summary ;
------------------------------------------------
Worst-Case MTBF of Design is 1e+09 years or 3.15e+16 seconds.
Typical MTBF of Design is 1e+09 years or 3.15e+16 seconds.

Number of Synchronizer Chains Found: 13
Shortest Synchronizer Chain: 2 Registers
Fraction of Chains for which MTBFs Could Not be Calculated: 0.615
Worst Case Available Settling Time: 18.511 ns

Worst-Case MTBF values are calculated based on the worst-case silicon characteristics, with worst-case operating conditions.
  - Under worst-case conditions, an increase of 100ps in available settling time will increase MTBF values by a factor of 1.7
Typical MTBF values are calculated based on the nominal silicon characteristics, at nominal operating conditions.
  - Under typical conditions, an increase of 100ps in available settling time will increase MTBF values by a factor of 17.8



+----------------------------------------------+
; Fast 1100mV 100C Model Setup Summary         ;
+---------------------+--------+---------------+
; Clock               ; Slack  ; End Point TNS ;
+---------------------+--------+---------------+
; fpga_clk_50         ; 10.767 ; 0.000         ;
; altera_reserved_tck ; 13.610 ; 0.000         ;
+---------------------+--------+---------------+


+---------------------------------------------+
; Fast 1100mV 100C Model Hold Summary         ;
+---------------------+-------+---------------+
; Clock               ; Slack ; End Point TNS ;
+---------------------+-------+---------------+
; altera_reserved_tck ; 0.093 ; 0.000         ;
; fpga_clk_50         ; 0.153 ; 0.000         ;
+---------------------+-------+---------------+


+----------------------------------------------+
; Fast 1100mV 100C Model Recovery Summary      ;
+---------------------+--------+---------------+
; Clock               ; Slack  ; End Point TNS ;
+---------------------+--------+---------------+
; altera_reserved_tck ; 15.637 ; 0.000         ;
; fpga_clk_50         ; 15.926 ; 0.000         ;
+---------------------+--------+---------------+


+---------------------------------------------+
; Fast 1100mV 100C Model Removal Summary      ;
+---------------------+-------+---------------+
; Clock               ; Slack ; End Point TNS ;
+---------------------+-------+---------------+
; altera_reserved_tck ; 0.498 ; 0.000         ;
; fpga_clk_50         ; 0.546 ; 0.000         ;
+---------------------+-------+---------------+


+----------------------------------------------------+
; Fast 1100mV 100C Model Minimum Pulse Width Summary ;
+---------------------+--------+---------------------+
; Clock               ; Slack  ; End Point TNS       ;
+---------------------+--------+---------------------+
; fpga_clk_50         ; 8.491  ; 0.000               ;
; altera_reserved_tck ; 15.730 ; 0.000               ;
+---------------------+--------+---------------------+


------------------------------------------------
; Fast 1100mV 100C Model Metastability Summary ;
------------------------------------------------
Worst-Case MTBF of Design is 1e+09 years or 3.15e+16 seconds.
Typical MTBF of Design is 1e+09 years or 3.15e+16 seconds.

Number of Synchronizer Chains Found: 13
Shortest Synchronizer Chain: 2 Registers
Fraction of Chains for which MTBFs Could Not be Calculated: 0.615
Worst Case Available Settling Time: 19.115 ns

Worst-Case MTBF values are calculated based on the worst-case silicon characteristics, with worst-case operating conditions.
  - Under worst-case conditions, an increase of 100ps in available settling time will increase MTBF values by a factor of 8.0
Typical MTBF values are calculated based on the nominal silicon characteristics, at nominal operating conditions.
  - Under typical conditions, an increase of 100ps in available settling time will increase MTBF values by a factor of 17.8



+----------------------------------------------+
; Fast 1100mV -40C Model Setup Summary         ;
+---------------------+--------+---------------+
; Clock               ; Slack  ; End Point TNS ;
+---------------------+--------+---------------+
; fpga_clk_50         ; 12.738 ; 0.000         ;
; altera_reserved_tck ; 14.154 ; 0.000         ;
+---------------------+--------+---------------+


+---------------------------------------------+
; Fast 1100mV -40C Model Hold Summary         ;
+---------------------+-------+---------------+
; Clock               ; Slack ; End Point TNS ;
+---------------------+-------+---------------+
; altera_reserved_tck ; 0.071 ; 0.000         ;
; fpga_clk_50         ; 0.114 ; 0.000         ;
+---------------------+-------+---------------+


+----------------------------------------------+
; Fast 1100mV -40C Model Recovery Summary      ;
+---------------------+--------+---------------+
; Clock               ; Slack  ; End Point TNS ;
+---------------------+--------+---------------+
; altera_reserved_tck ; 15.821 ; 0.000         ;
; fpga_clk_50         ; 16.707 ; 0.000         ;
+---------------------+--------+---------------+


+---------------------------------------------+
; Fast 1100mV -40C Model Removal Summary      ;
+---------------------+-------+---------------+
; Clock               ; Slack ; End Point TNS ;
+---------------------+-------+---------------+
; altera_reserved_tck ; 0.394 ; 0.000         ;
; fpga_clk_50         ; 0.473 ; 0.000         ;
+---------------------+-------+---------------+


+----------------------------------------------------+
; Fast 1100mV -40C Model Minimum Pulse Width Summary ;
+---------------------+--------+---------------------+
; Clock               ; Slack  ; End Point TNS       ;
+---------------------+--------+---------------------+
; fpga_clk_50         ; 8.420  ; 0.000               ;
; altera_reserved_tck ; 15.775 ; 0.000               ;
+---------------------+--------+---------------------+


------------------------------------------------
; Fast 1100mV -40C Model Metastability Summary ;
------------------------------------------------
Worst-Case MTBF of Design is 1e+09 years or 3.15e+16 seconds.
Typical MTBF of Design is 1e+09 years or 3.15e+16 seconds.

Number of Synchronizer Chains Found: 13
Shortest Synchronizer Chain: 2 Registers
Fraction of Chains for which MTBFs Could Not be Calculated: 0.615
Worst Case Available Settling Time: 19.235 ns

Worst-Case MTBF values are calculated based on the worst-case silicon characteristics, with worst-case operating conditions.
  - Under worst-case conditions, an increase of 100ps in available settling time will increase MTBF values by a factor of 1.7
Typical MTBF values are calculated based on the nominal silicon characteristics, at nominal operating conditions.
  - Under typical conditions, an increase of 100ps in available settling time will increase MTBF values by a factor of 17.8



+----------------------------------------------------------------------------------+
; Multicorner Timing Analysis Summary                                              ;
+----------------------+--------+-------+----------+---------+---------------------+
; Clock                ; Setup  ; Hold  ; Recovery ; Removal ; Minimum Pulse Width ;
+----------------------+--------+-------+----------+---------+---------------------+
; Worst-case Slack     ; 6.393  ; 0.071 ; 13.775   ; 0.394   ; 8.420               ;
;  altera_reserved_tck ; 10.838 ; 0.071 ; 14.149   ; 0.394   ; 15.701              ;
;  fpga_clk_50         ; 6.393  ; 0.114 ; 13.775   ; 0.473   ; 8.420               ;
; Design-wide TNS      ; 0.0    ; 0.0   ; 0.0      ; 0.0     ; 0.0                 ;
;  altera_reserved_tck ; 0.000  ; 0.000 ; 0.000    ; 0.000   ; 0.000               ;
;  fpga_clk_50         ; 0.000  ; 0.000 ; 0.000    ; 0.000   ; 0.000               ;
+----------------------+--------+-------+----------+---------+---------------------+


+------------------------------------------------------------------------------------------------------------------------------------------------------------------------------------------------------------------------------------------------------------------------------------------------------------------------------------------------------------------------------------------------------------------------+
; Board Trace Model Assignments                                                                                                                                                                                                                                                                                                                                                                                          ;
+---------------------+--------------+-------------------+-------------------------+-------------------------+---------------+---------------------+----------------+------------------+--------+------------------+------------------------+------------------------+--------------+---------------+-----------------+-------+---------------------+--------------------+---------------+-----------------+-------------+
; Pin                 ; I/O Standard ; Near Tline Length ; Near Tline L per Length ; Near Tline C per Length ; Near Series R ; Near Differential R ; Near Pull-up R ; Near Pull-down R ; Near C ; Far Tline Length ; Far Tline L per Length ; Far Tline C per Length ; Far Series R ; Far Pull-up R ; Far Pull-down R ; Far C ; Termination Voltage ; Far Differential R ; EBD File Name ; EBD Signal Name ; EBD Far-end ;
+---------------------+--------------+-------------------+-------------------------+-------------------------+---------------+---------------------+----------------+------------------+--------+------------------+------------------------+------------------------+--------------+---------------+-----------------+-------+---------------------+--------------------+---------------+-----------------+-------------+
; fpga_led_pio[0]     ; 3.3-V LVCMOS ; 0 in              ; 0 H/in                  ; 0 F/in                  ; short         ; -                   ; open           ; open             ; open   ; 0 in             ; 0 H/in                 ; 0 F/in                 ; short        ; open          ; open            ; open  ; 0 V                 ; -                  ; n/a           ; n/a             ; n/a         ;
; fpga_led_pio[1]     ; 3.3-V LVCMOS ; 0 in              ; 0 H/in                  ; 0 F/in                  ; short         ; -                   ; open           ; open             ; open   ; 0 in             ; 0 H/in                 ; 0 F/in                 ; short        ; open          ; open            ; open  ; 0 V                 ; -                  ; n/a           ; n/a             ; n/a         ;
; fpga_led_pio[2]     ; 3.3-V LVCMOS ; 0 in              ; 0 H/in                  ; 0 F/in                  ; short         ; -                   ; open           ; open             ; open   ; 0 in             ; 0 H/in                 ; 0 F/in                 ; short        ; open          ; open            ; open  ; 0 V                 ; -                  ; n/a           ; n/a             ; n/a         ;
; fpga_led_pio[3]     ; 3.3-V LVCMOS ; 0 in              ; 0 H/in                  ; 0 F/in                  ; short         ; -                   ; open           ; open             ; open   ; 0 in             ; 0 H/in                 ; 0 F/in                 ; short        ; open          ; open            ; open  ; 0 V                 ; -                  ; n/a           ; n/a             ; n/a         ;
; fpga_led_pio[4]     ; 3.3-V LVCMOS ; 0 in              ; 0 H/in                  ; 0 F/in                  ; short         ; -                   ; open           ; open             ; open   ; 0 in             ; 0 H/in                 ; 0 F/in                 ; short        ; open          ; open            ; open  ; 0 V                 ; -                  ; n/a           ; n/a             ; n/a         ;
; fpga_led_pio[5]     ; 3.3-V LVCMOS ; 0 in              ; 0 H/in                  ; 0 F/in                  ; short         ; -                   ; open           ; open             ; open   ; 0 in             ; 0 H/in                 ; 0 F/in                 ; short        ; open          ; open            ; open  ; 0 V                 ; -                  ; n/a           ; n/a             ; n/a         ;
; altera_reserved_tdo ; 2.5 V        ; 0 in              ; 0 H/in                  ; 0 F/in                  ; short         ; -                   ; open           ; open             ; open   ; 0 in             ; 0 H/in                 ; 0 F/in                 ; short        ; open          ; open            ; open  ; 0 V                 ; -                  ; n/a           ; n/a             ; n/a         ;
+---------------------+--------------+-------------------+-------------------------+-------------------------+---------------+---------------------+----------------+------------------+--------+------------------+------------------------+------------------------+--------------+---------------+-----------------+-------+---------------------+--------------------+---------------+-----------------+-------------+


+------------------------------------------------------------------------+
; Input Transition Times                                                 ;
+---------------------+--------------+-----------------+-----------------+
; Pin                 ; I/O Standard ; 10-90 Rise Time ; 90-10 Fall Time ;
+---------------------+--------------+-----------------+-----------------+
; fpga_clk_50         ; 3.3-V LVCMOS ; 2640 ps         ; 2640 ps         ;
; fpga_butsw_pio[0]   ; 3.3-V LVCMOS ; 2640 ps         ; 2640 ps         ;
; fpga_butsw_pio[1]   ; 3.3-V LVCMOS ; 2640 ps         ; 2640 ps         ;
; fpga_butsw_pio[2]   ; 3.3-V LVCMOS ; 2640 ps         ; 2640 ps         ;
; fpga_butsw_pio[3]   ; 3.3-V LVCMOS ; 2640 ps         ; 2640 ps         ;
; fpga_butsw_pio[4]   ; 3.3-V LVCMOS ; 2640 ps         ; 2640 ps         ;
; altera_reserved_tms ; 2.5 V        ; 2000 ps         ; 2000 ps         ;
; altera_reserved_tck ; 2.5 V        ; 2000 ps         ; 2000 ps         ;
; altera_reserved_tdi ; 2.5 V        ; 2000 ps         ; 2000 ps         ;
+---------------------+--------------+-----------------+-----------------+


+--------------------------------------------------------------------------------------------------------------------------------------------------------------------------------------------------------------------------------------------------------------------------------------------------------------------------------------------------------------------------------------------------------------------------------------------------------------------------------------------------------------------------------------------------------------------------------------------------------------------------------------------------------------------------------------------------+
; Signal Integrity Metrics (Slow 1100mv n40c Model)                                                                                                                                                                                                                                                                                                                                                                                                                                                                                                                                                                                                                                                ;
+---------------------+--------------+---------------------+---------------------+------------------------------+------------------------------+---------------------+---------------------+--------------------------------------+--------------------------------------+-----------------------------+-----------------------------+----------------------------+----------------------------+-----------------------------+-----------------------------+--------------------+--------------------+-------------------------------------+-------------------------------------+----------------------------+----------------------------+---------------------------+---------------------------+
; Pin                 ; I/O Standard ; Board Delay on Rise ; Board Delay on Fall ; Steady State Voh at FPGA Pin ; Steady State Vol at FPGA Pin ; Voh Max at FPGA Pin ; Vol Min at FPGA Pin ; Ringback Voltage on Rise at FPGA Pin ; Ringback Voltage on Fall at FPGA Pin ; 10-90 Rise Time at FPGA Pin ; 90-10 Fall Time at FPGA Pin ; Monotonic Rise at FPGA Pin ; Monotonic Fall at FPGA Pin ; Steady State Voh at Far-end ; Steady State Vol at Far-end ; Voh Max at Far-end ; Vol Min at Far-end ; Ringback Voltage on Rise at Far-end ; Ringback Voltage on Fall at Far-end ; 10-90 Rise Time at Far-end ; 90-10 Fall Time at Far-end ; Monotonic Rise at Far-end ; Monotonic Fall at Far-end ;
+---------------------+--------------+---------------------+---------------------+------------------------------+------------------------------+---------------------+---------------------+--------------------------------------+--------------------------------------+-----------------------------+-----------------------------+----------------------------+----------------------------+-----------------------------+-----------------------------+--------------------+--------------------+-------------------------------------+-------------------------------------+----------------------------+----------------------------+---------------------------+---------------------------+
; fpga_led_pio[0]     ; 3.3-V LVCMOS ; 0 s                 ; 0 s                 ; 3.08 V                       ; 1.47e-08 V                   ; 3.11 V              ; -0.195 V            ; 0.108 V                              ; 0.32 V                               ; 4.03e-10 s                  ; 1.44e-10 s                  ; Yes                        ; No                         ; 3.08 V                      ; 1.47e-08 V                  ; 3.11 V             ; -0.195 V           ; 0.108 V                             ; 0.32 V                              ; 4.03e-10 s                 ; 1.44e-10 s                 ; Yes                       ; No                        ;
; fpga_led_pio[1]     ; 3.3-V LVCMOS ; 0 s                 ; 0 s                 ; 3.08 V                       ; 1.91e-08 V                   ; 3.17 V              ; -0.306 V            ; 0.142 V                              ; 0.425 V                              ; 4.17e-10 s                  ; 1.36e-10 s                  ; Yes                        ; No                         ; 3.08 V                      ; 1.91e-08 V                  ; 3.17 V             ; -0.306 V           ; 0.142 V                             ; 0.425 V                             ; 4.17e-10 s                 ; 1.36e-10 s                 ; Yes                       ; No                        ;
; fpga_led_pio[2]     ; 3.3-V LVCMOS ; 0 s                 ; 0 s                 ; 3.08 V                       ; 2e-08 V                      ; 3.17 V              ; -0.245 V            ; 0.166 V                              ; 0.398 V                              ; 4.33e-10 s                  ; 1.46e-10 s                  ; Yes                        ; No                         ; 3.08 V                      ; 2e-08 V                     ; 3.17 V             ; -0.245 V           ; 0.166 V                             ; 0.398 V                             ; 4.33e-10 s                 ; 1.46e-10 s                 ; Yes                       ; No                        ;
; fpga_led_pio[3]     ; 3.3-V LVCMOS ; 0 s                 ; 0 s                 ; 3.08 V                       ; 1.47e-08 V                   ; 3.11 V              ; -0.195 V            ; 0.108 V                              ; 0.32 V                               ; 4.03e-10 s                  ; 1.44e-10 s                  ; Yes                        ; No                         ; 3.08 V                      ; 1.47e-08 V                  ; 3.11 V             ; -0.195 V           ; 0.108 V                             ; 0.32 V                              ; 4.03e-10 s                 ; 1.44e-10 s                 ; Yes                       ; No                        ;
; fpga_led_pio[4]     ; 3.3-V LVCMOS ; 0 s                 ; 0 s                 ; 3.08 V                       ; 1.91e-08 V                   ; 3.17 V              ; -0.306 V            ; 0.142 V                              ; 0.425 V                              ; 4.17e-10 s                  ; 1.36e-10 s                  ; Yes                        ; No                         ; 3.08 V                      ; 1.91e-08 V                  ; 3.17 V             ; -0.306 V           ; 0.142 V                             ; 0.425 V                             ; 4.17e-10 s                 ; 1.36e-10 s                 ; Yes                       ; No                        ;
; fpga_led_pio[5]     ; 3.3-V LVCMOS ; 0 s                 ; 0 s                 ; 3.08 V                       ; 1.91e-08 V                   ; 3.17 V              ; -0.311 V            ; 0.143 V                              ; 0.424 V                              ; 4.17e-10 s                  ; 1.36e-10 s                  ; Yes                        ; No                         ; 3.08 V                      ; 1.91e-08 V                  ; 3.17 V             ; -0.311 V           ; 0.143 V                             ; 0.424 V                             ; 4.17e-10 s                 ; 1.36e-10 s                 ; Yes                       ; No                        ;
; altera_reserved_tdo ; 2.5 V        ; 0 s                 ; 0 s                 ; 2.32 V                       ; 1.43e-08 V                   ; 2.42 V              ; -0.071 V            ; 0.326 V                              ; 0.112 V                              ; 3.19e-10 s                  ; 4.21e-10 s                  ; No                         ; No                         ; 2.32 V                      ; 1.43e-08 V                  ; 2.42 V             ; -0.071 V           ; 0.326 V                             ; 0.112 V                             ; 3.19e-10 s                 ; 4.21e-10 s                 ; No                        ; No                        ;
+---------------------+--------------+---------------------+---------------------+------------------------------+------------------------------+---------------------+---------------------+--------------------------------------+--------------------------------------+-----------------------------+-----------------------------+----------------------------+----------------------------+-----------------------------+-----------------------------+--------------------+--------------------+-------------------------------------+-------------------------------------+----------------------------+----------------------------+---------------------------+---------------------------+


+--------------------------------------------------------------------------------------------------------------------------------------------------------------------------------------------------------------------------------------------------------------------------------------------------------------------------------------------------------------------------------------------------------------------------------------------------------------------------------------------------------------------------------------------------------------------------------------------------------------------------------------------------------------------------------------------------+
; Signal Integrity Metrics (Slow 1100mv 100c Model)                                                                                                                                                                                                                                                                                                                                                                                                                                                                                                                                                                                                                                                ;
+---------------------+--------------+---------------------+---------------------+------------------------------+------------------------------+---------------------+---------------------+--------------------------------------+--------------------------------------+-----------------------------+-----------------------------+----------------------------+----------------------------+-----------------------------+-----------------------------+--------------------+--------------------+-------------------------------------+-------------------------------------+----------------------------+----------------------------+---------------------------+---------------------------+
; Pin                 ; I/O Standard ; Board Delay on Rise ; Board Delay on Fall ; Steady State Voh at FPGA Pin ; Steady State Vol at FPGA Pin ; Voh Max at FPGA Pin ; Vol Min at FPGA Pin ; Ringback Voltage on Rise at FPGA Pin ; Ringback Voltage on Fall at FPGA Pin ; 10-90 Rise Time at FPGA Pin ; 90-10 Fall Time at FPGA Pin ; Monotonic Rise at FPGA Pin ; Monotonic Fall at FPGA Pin ; Steady State Voh at Far-end ; Steady State Vol at Far-end ; Voh Max at Far-end ; Vol Min at Far-end ; Ringback Voltage on Rise at Far-end ; Ringback Voltage on Fall at Far-end ; 10-90 Rise Time at Far-end ; 90-10 Fall Time at Far-end ; Monotonic Rise at Far-end ; Monotonic Fall at Far-end ;
+---------------------+--------------+---------------------+---------------------+------------------------------+------------------------------+---------------------+---------------------+--------------------------------------+--------------------------------------+-----------------------------+-----------------------------+----------------------------+----------------------------+-----------------------------+-----------------------------+--------------------+--------------------+-------------------------------------+-------------------------------------+----------------------------+----------------------------+---------------------------+---------------------------+
; fpga_led_pio[0]     ; 3.3-V LVCMOS ; 0 s                 ; 0 s                 ; 3.08 V                       ; 3.09e-05 V                   ; 3.09 V              ; -0.0462 V           ; 0.045 V                              ; 0.085 V                              ; 5.49e-10 s                  ; 3.06e-10 s                  ; Yes                        ; Yes                        ; 3.08 V                      ; 3.09e-05 V                  ; 3.09 V             ; -0.0462 V          ; 0.045 V                             ; 0.085 V                             ; 5.49e-10 s                 ; 3.06e-10 s                 ; Yes                       ; Yes                       ;
; fpga_led_pio[1]     ; 3.3-V LVCMOS ; 0 s                 ; 0 s                 ; 3.08 V                       ; 3.73e-05 V                   ; 3.11 V              ; -0.104 V            ; 0.101 V                              ; 0.139 V                              ; 5.54e-10 s                  ; 3.16e-10 s                  ; Yes                        ; Yes                        ; 3.08 V                      ; 3.73e-05 V                  ; 3.11 V             ; -0.104 V           ; 0.101 V                             ; 0.139 V                             ; 5.54e-10 s                 ; 3.16e-10 s                 ; Yes                       ; Yes                       ;
; fpga_led_pio[2]     ; 3.3-V LVCMOS ; 0 s                 ; 0 s                 ; 3.08 V                       ; 3.87e-05 V                   ; 3.11 V              ; -0.0814 V           ; 0.131 V                              ; 0.136 V                              ; 5.88e-10 s                  ; 3.2e-10 s                   ; Yes                        ; Yes                        ; 3.08 V                      ; 3.87e-05 V                  ; 3.11 V             ; -0.0814 V          ; 0.131 V                             ; 0.136 V                             ; 5.88e-10 s                 ; 3.2e-10 s                  ; Yes                       ; Yes                       ;
; fpga_led_pio[3]     ; 3.3-V LVCMOS ; 0 s                 ; 0 s                 ; 3.08 V                       ; 3.09e-05 V                   ; 3.09 V              ; -0.0462 V           ; 0.045 V                              ; 0.085 V                              ; 5.49e-10 s                  ; 3.06e-10 s                  ; Yes                        ; Yes                        ; 3.08 V                      ; 3.09e-05 V                  ; 3.09 V             ; -0.0462 V          ; 0.045 V                             ; 0.085 V                             ; 5.49e-10 s                 ; 3.06e-10 s                 ; Yes                       ; Yes                       ;
; fpga_led_pio[4]     ; 3.3-V LVCMOS ; 0 s                 ; 0 s                 ; 3.08 V                       ; 3.73e-05 V                   ; 3.11 V              ; -0.104 V            ; 0.101 V                              ; 0.139 V                              ; 5.54e-10 s                  ; 3.16e-10 s                  ; Yes                        ; Yes                        ; 3.08 V                      ; 3.73e-05 V                  ; 3.11 V             ; -0.104 V           ; 0.101 V                             ; 0.139 V                             ; 5.54e-10 s                 ; 3.16e-10 s                 ; Yes                       ; Yes                       ;
; fpga_led_pio[5]     ; 3.3-V LVCMOS ; 0 s                 ; 0 s                 ; 3.08 V                       ; 3.73e-05 V                   ; 3.11 V              ; -0.105 V            ; 0.101 V                              ; 0.142 V                              ; 5.54e-10 s                  ; 3.16e-10 s                  ; Yes                        ; Yes                        ; 3.08 V                      ; 3.73e-05 V                  ; 3.11 V             ; -0.105 V           ; 0.101 V                             ; 0.142 V                             ; 5.54e-10 s                 ; 3.16e-10 s                 ; Yes                       ; Yes                       ;
; altera_reserved_tdo ; 2.5 V        ; 0 s                 ; 0 s                 ; 2.32 V                       ; 4.24e-05 V                   ; 2.37 V              ; -0.0352 V           ; 0.187 V                              ; 0.171 V                              ; 4.84e-10 s                  ; 4.76e-10 s                  ; Yes                        ; Yes                        ; 2.32 V                      ; 4.24e-05 V                  ; 2.37 V             ; -0.0352 V          ; 0.187 V                             ; 0.171 V                             ; 4.84e-10 s                 ; 4.76e-10 s                 ; Yes                       ; Yes                       ;
+---------------------+--------------+---------------------+---------------------+------------------------------+------------------------------+---------------------+---------------------+--------------------------------------+--------------------------------------+-----------------------------+-----------------------------+----------------------------+----------------------------+-----------------------------+-----------------------------+--------------------+--------------------+-------------------------------------+-------------------------------------+----------------------------+----------------------------+---------------------------+---------------------------+


+--------------------------------------------------------------------------------------------------------------------------------------------------------------------------------------------------------------------------------------------------------------------------------------------------------------------------------------------------------------------------------------------------------------------------------------------------------------------------------------------------------------------------------------------------------------------------------------------------------------------------------------------------------------------------------------------------+
; Signal Integrity Metrics (Fast 1100mv n40c Model)                                                                                                                                                                                                                                                                                                                                                                                                                                                                                                                                                                                                                                                ;
+---------------------+--------------+---------------------+---------------------+------------------------------+------------------------------+---------------------+---------------------+--------------------------------------+--------------------------------------+-----------------------------+-----------------------------+----------------------------+----------------------------+-----------------------------+-----------------------------+--------------------+--------------------+-------------------------------------+-------------------------------------+----------------------------+----------------------------+---------------------------+---------------------------+
; Pin                 ; I/O Standard ; Board Delay on Rise ; Board Delay on Fall ; Steady State Voh at FPGA Pin ; Steady State Vol at FPGA Pin ; Voh Max at FPGA Pin ; Vol Min at FPGA Pin ; Ringback Voltage on Rise at FPGA Pin ; Ringback Voltage on Fall at FPGA Pin ; 10-90 Rise Time at FPGA Pin ; 90-10 Fall Time at FPGA Pin ; Monotonic Rise at FPGA Pin ; Monotonic Fall at FPGA Pin ; Steady State Voh at Far-end ; Steady State Vol at Far-end ; Voh Max at Far-end ; Vol Min at Far-end ; Ringback Voltage on Rise at Far-end ; Ringback Voltage on Fall at Far-end ; 10-90 Rise Time at Far-end ; 90-10 Fall Time at Far-end ; Monotonic Rise at Far-end ; Monotonic Fall at Far-end ;
+---------------------+--------------+---------------------+---------------------+------------------------------+------------------------------+---------------------+---------------------+--------------------------------------+--------------------------------------+-----------------------------+-----------------------------+----------------------------+----------------------------+-----------------------------+-----------------------------+--------------------+--------------------+-------------------------------------+-------------------------------------+----------------------------+----------------------------+---------------------------+---------------------------+
; fpga_led_pio[0]     ; 3.3-V LVCMOS ; 0 s                 ; 0 s                 ; 3.63 V                       ; 3.38e-07 V                   ; 3.67 V              ; -0.403 V            ; 0.084 V                              ; 0.542 V                              ; 3.5e-10 s                   ; 1.32e-10 s                  ; Yes                        ; No                         ; 3.63 V                      ; 3.38e-07 V                  ; 3.67 V             ; -0.403 V           ; 0.084 V                             ; 0.542 V                             ; 3.5e-10 s                  ; 1.32e-10 s                 ; Yes                       ; No                        ;
; fpga_led_pio[1]     ; 3.3-V LVCMOS ; 0 s                 ; 0 s                 ; 3.63 V                       ; 4.42e-07 V                   ; 3.75 V              ; -0.588 V            ; 0.329 V                              ; 0.704 V                              ; 2.77e-10 s                  ; 1.3e-10 s                   ; Yes                        ; No                         ; 3.63 V                      ; 4.42e-07 V                  ; 3.75 V             ; -0.588 V           ; 0.329 V                             ; 0.704 V                             ; 2.77e-10 s                 ; 1.3e-10 s                  ; Yes                       ; No                        ;
; fpga_led_pio[2]     ; 3.3-V LVCMOS ; 0 s                 ; 0 s                 ; 3.63 V                       ; 4.64e-07 V                   ; 3.74 V              ; -0.508 V            ; 0.391 V                              ; 0.647 V                              ; 3.08e-10 s                  ; 1.34e-10 s                  ; No                         ; No                         ; 3.63 V                      ; 4.64e-07 V                  ; 3.74 V             ; -0.508 V           ; 0.391 V                             ; 0.647 V                             ; 3.08e-10 s                 ; 1.34e-10 s                 ; No                        ; No                        ;
; fpga_led_pio[3]     ; 3.3-V LVCMOS ; 0 s                 ; 0 s                 ; 3.63 V                       ; 3.38e-07 V                   ; 3.67 V              ; -0.403 V            ; 0.084 V                              ; 0.542 V                              ; 3.5e-10 s                   ; 1.32e-10 s                  ; Yes                        ; No                         ; 3.63 V                      ; 3.38e-07 V                  ; 3.67 V             ; -0.403 V           ; 0.084 V                             ; 0.542 V                             ; 3.5e-10 s                  ; 1.32e-10 s                 ; Yes                       ; No                        ;
; fpga_led_pio[4]     ; 3.3-V LVCMOS ; 0 s                 ; 0 s                 ; 3.63 V                       ; 4.42e-07 V                   ; 3.75 V              ; -0.588 V            ; 0.329 V                              ; 0.704 V                              ; 2.77e-10 s                  ; 1.3e-10 s                   ; Yes                        ; No                         ; 3.63 V                      ; 4.42e-07 V                  ; 3.75 V             ; -0.588 V           ; 0.329 V                             ; 0.704 V                             ; 2.77e-10 s                 ; 1.3e-10 s                  ; Yes                       ; No                        ;
; fpga_led_pio[5]     ; 3.3-V LVCMOS ; 0 s                 ; 0 s                 ; 3.63 V                       ; 4.42e-07 V                   ; 3.75 V              ; -0.589 V            ; 0.329 V                              ; 0.706 V                              ; 2.77e-10 s                  ; 1.3e-10 s                   ; Yes                        ; No                         ; 3.63 V                      ; 4.42e-07 V                  ; 3.75 V             ; -0.589 V           ; 0.329 V                             ; 0.706 V                             ; 2.77e-10 s                 ; 1.3e-10 s                  ; Yes                       ; No                        ;
; altera_reserved_tdo ; 2.5 V        ; 0 s                 ; 0 s                 ; 2.75 V                       ; 2.19e-07 V                   ; 2.92 V              ; -0.14 V             ; 0.301 V                              ; 0.252 V                              ; 2.69e-10 s                  ; 2.57e-10 s                  ; No                         ; Yes                        ; 2.75 V                      ; 2.19e-07 V                  ; 2.92 V             ; -0.14 V            ; 0.301 V                             ; 0.252 V                             ; 2.69e-10 s                 ; 2.57e-10 s                 ; No                        ; Yes                       ;
+---------------------+--------------+---------------------+---------------------+------------------------------+------------------------------+---------------------+---------------------+--------------------------------------+--------------------------------------+-----------------------------+-----------------------------+----------------------------+----------------------------+-----------------------------+-----------------------------+--------------------+--------------------+-------------------------------------+-------------------------------------+----------------------------+----------------------------+---------------------------+---------------------------+


+--------------------------------------------------------------------------------------------------------------------------------------------------------------------------------------------------------------------------------------------------------------------------------------------------------------------------------------------------------------------------------------------------------------------------------------------------------------------------------------------------------------------------------------------------------------------------------------------------------------------------------------------------------------------------------------------------+
; Signal Integrity Metrics (Fast 1100mv 100c Model)                                                                                                                                                                                                                                                                                                                                                                                                                                                                                                                                                                                                                                                ;
+---------------------+--------------+---------------------+---------------------+------------------------------+------------------------------+---------------------+---------------------+--------------------------------------+--------------------------------------+-----------------------------+-----------------------------+----------------------------+----------------------------+-----------------------------+-----------------------------+--------------------+--------------------+-------------------------------------+-------------------------------------+----------------------------+----------------------------+---------------------------+---------------------------+
; Pin                 ; I/O Standard ; Board Delay on Rise ; Board Delay on Fall ; Steady State Voh at FPGA Pin ; Steady State Vol at FPGA Pin ; Voh Max at FPGA Pin ; Vol Min at FPGA Pin ; Ringback Voltage on Rise at FPGA Pin ; Ringback Voltage on Fall at FPGA Pin ; 10-90 Rise Time at FPGA Pin ; 90-10 Fall Time at FPGA Pin ; Monotonic Rise at FPGA Pin ; Monotonic Fall at FPGA Pin ; Steady State Voh at Far-end ; Steady State Vol at Far-end ; Voh Max at Far-end ; Vol Min at Far-end ; Ringback Voltage on Rise at Far-end ; Ringback Voltage on Fall at Far-end ; 10-90 Rise Time at Far-end ; 90-10 Fall Time at Far-end ; Monotonic Rise at Far-end ; Monotonic Fall at Far-end ;
+---------------------+--------------+---------------------+---------------------+------------------------------+------------------------------+---------------------+---------------------+--------------------------------------+--------------------------------------+-----------------------------+-----------------------------+----------------------------+----------------------------+-----------------------------+-----------------------------+--------------------+--------------------+-------------------------------------+-------------------------------------+----------------------------+----------------------------+---------------------------+---------------------------+
; fpga_led_pio[0]     ; 3.3-V LVCMOS ; 0 s                 ; 0 s                 ; 3.63 V                       ; 0.000307 V                   ; 3.64 V              ; -0.165 V            ; 0.022 V                              ; 0.425 V                              ; 4.58e-10 s                  ; 2e-10 s                     ; Yes                        ; No                         ; 3.63 V                      ; 0.000307 V                  ; 3.64 V             ; -0.165 V           ; 0.022 V                             ; 0.425 V                             ; 4.58e-10 s                 ; 2e-10 s                    ; Yes                       ; No                        ;
; fpga_led_pio[1]     ; 3.3-V LVCMOS ; 0 s                 ; 0 s                 ; 3.63 V                       ; 0.000379 V                   ; 3.65 V              ; -0.289 V            ; 0.051 V                              ; 0.523 V                              ; 4.36e-10 s                  ; 1.95e-10 s                  ; Yes                        ; No                         ; 3.63 V                      ; 0.000379 V                  ; 3.65 V             ; -0.289 V           ; 0.051 V                             ; 0.523 V                             ; 4.36e-10 s                 ; 1.95e-10 s                 ; Yes                       ; No                        ;
; fpga_led_pio[2]     ; 3.3-V LVCMOS ; 0 s                 ; 0 s                 ; 3.63 V                       ; 0.000395 V                   ; 3.65 V              ; -0.232 V            ; 0.065 V                              ; 0.547 V                              ; 4.68e-10 s                  ; 2.07e-10 s                  ; Yes                        ; No                         ; 3.63 V                      ; 0.000395 V                  ; 3.65 V             ; -0.232 V           ; 0.065 V                             ; 0.547 V                             ; 4.68e-10 s                 ; 2.07e-10 s                 ; Yes                       ; No                        ;
; fpga_led_pio[3]     ; 3.3-V LVCMOS ; 0 s                 ; 0 s                 ; 3.63 V                       ; 0.000307 V                   ; 3.64 V              ; -0.165 V            ; 0.022 V                              ; 0.425 V                              ; 4.58e-10 s                  ; 2e-10 s                     ; Yes                        ; No                         ; 3.63 V                      ; 0.000307 V                  ; 3.64 V             ; -0.165 V           ; 0.022 V                             ; 0.425 V                             ; 4.58e-10 s                 ; 2e-10 s                    ; Yes                       ; No                        ;
; fpga_led_pio[4]     ; 3.3-V LVCMOS ; 0 s                 ; 0 s                 ; 3.63 V                       ; 0.000379 V                   ; 3.65 V              ; -0.289 V            ; 0.051 V                              ; 0.523 V                              ; 4.36e-10 s                  ; 1.95e-10 s                  ; Yes                        ; No                         ; 3.63 V                      ; 0.000379 V                  ; 3.65 V             ; -0.289 V           ; 0.051 V                             ; 0.523 V                             ; 4.36e-10 s                 ; 1.95e-10 s                 ; Yes                       ; No                        ;
; fpga_led_pio[5]     ; 3.3-V LVCMOS ; 0 s                 ; 0 s                 ; 3.63 V                       ; 0.000379 V                   ; 3.65 V              ; -0.292 V            ; 0.053 V                              ; 0.524 V                              ; 4.36e-10 s                  ; 1.95e-10 s                  ; Yes                        ; No                         ; 3.63 V                      ; 0.000379 V                  ; 3.65 V             ; -0.292 V           ; 0.053 V                             ; 0.524 V                             ; 4.36e-10 s                 ; 1.95e-10 s                 ; Yes                       ; No                        ;
; altera_reserved_tdo ; 2.5 V        ; 0 s                 ; 0 s                 ; 2.75 V                       ; 0.000371 V                   ; 2.84 V              ; -0.0871 V           ; 0.344 V                              ; 0.157 V                              ; 3.17e-10 s                  ; 4.32e-10 s                  ; No                         ; No                         ; 2.75 V                      ; 0.000371 V                  ; 2.84 V             ; -0.0871 V          ; 0.344 V                             ; 0.157 V                             ; 3.17e-10 s                 ; 4.32e-10 s                 ; No                        ; No                        ;
+---------------------+--------------+---------------------+---------------------+------------------------------+------------------------------+---------------------+---------------------+--------------------------------------+--------------------------------------+-----------------------------+-----------------------------+----------------------------+----------------------------+-----------------------------+-----------------------------+--------------------+--------------------+-------------------------------------+-------------------------------------+----------------------------+----------------------------+---------------------------+---------------------------+


+-------------------------------------------------------------------------------------------+
; Setup Transfers                                                                           ;
+---------------------+---------------------+------------+------------+----------+----------+
; From Clock          ; To Clock            ; RR Paths   ; FR Paths   ; RF Paths ; FF Paths ;
+---------------------+---------------------+------------+------------+----------+----------+
; altera_reserved_tck ; altera_reserved_tck ; 1551       ; 0          ; 38       ; 3        ;
; fpga_clk_50         ; altera_reserved_tck ; false path ; 0          ; 0        ; 0        ;
; altera_reserved_tck ; fpga_clk_50         ; false path ; false path ; 0        ; 0        ;
; fpga_clk_50         ; fpga_clk_50         ; 88171      ; 0          ; 0        ; 0        ;
+---------------------+---------------------+------------+------------+----------+----------+
Entries labeled "false path" only account for clock-to-clock false paths and not path-based false paths. As a result, actual path counts may be lower than reported.


+-------------------------------------------------------------------------------------------+
; Hold Transfers                                                                            ;
+---------------------+---------------------+------------+------------+----------+----------+
; From Clock          ; To Clock            ; RR Paths   ; FR Paths   ; RF Paths ; FF Paths ;
+---------------------+---------------------+------------+------------+----------+----------+
; altera_reserved_tck ; altera_reserved_tck ; 1551       ; 0          ; 38       ; 3        ;
; fpga_clk_50         ; altera_reserved_tck ; false path ; 0          ; 0        ; 0        ;
; altera_reserved_tck ; fpga_clk_50         ; false path ; false path ; 0        ; 0        ;
; fpga_clk_50         ; fpga_clk_50         ; 88171      ; 0          ; 0        ; 0        ;
+---------------------+---------------------+------------+------------+----------+----------+
Entries labeled "false path" only account for clock-to-clock false paths and not path-based false paths. As a result, actual path counts may be lower than reported.


+---------------------------------------------------------------------------------------+
; Recovery Transfers                                                                    ;
+---------------------+---------------------+----------+----------+----------+----------+
; From Clock          ; To Clock            ; RR Paths ; FR Paths ; RF Paths ; FF Paths ;
+---------------------+---------------------+----------+----------+----------+----------+
; altera_reserved_tck ; altera_reserved_tck ; 73       ; 0        ; 2        ; 0        ;
; fpga_clk_50         ; fpga_clk_50         ; 581      ; 0        ; 0        ; 0        ;
+---------------------+---------------------+----------+----------+----------+----------+
Entries labeled "false path" only account for clock-to-clock false paths and not path-based false paths. As a result, actual path counts may be lower than reported.


+---------------------------------------------------------------------------------------+
; Removal Transfers                                                                     ;
+---------------------+---------------------+----------+----------+----------+----------+
; From Clock          ; To Clock            ; RR Paths ; FR Paths ; RF Paths ; FF Paths ;
+---------------------+---------------------+----------+----------+----------+----------+
; altera_reserved_tck ; altera_reserved_tck ; 73       ; 0        ; 2        ; 0        ;
; fpga_clk_50         ; fpga_clk_50         ; 581      ; 0        ; 0        ; 0        ;
+---------------------+---------------------+----------+----------+----------+----------+
Entries labeled "false path" only account for clock-to-clock false paths and not path-based false paths. As a result, actual path counts may be lower than reported.


---------------
; Report TCCS ;
---------------
No dedicated SERDES Transmitter circuitry present in device or used in design


---------------
; Report RSKM ;
---------------
No non-DPA dedicated SERDES Receiver circuitry present in device or used in design


+------------------------------------------------+
; Unconstrained Paths Summary                    ;
+---------------------------------+-------+------+
; Property                        ; Setup ; Hold ;
+---------------------------------+-------+------+
; Illegal Clocks                  ; 0     ; 0    ;
; Unconstrained Clocks            ; 0     ; 0    ;
; Unconstrained Input Ports       ; 7     ; 7    ;
; Unconstrained Input Port Paths  ; 68    ; 68   ;
; Unconstrained Output Ports      ; 7     ; 7    ;
; Unconstrained Output Port Paths ; 11    ; 11   ;
+---------------------------------+-------+------+


+----------------------------------------------------------------+
; Clock Status Summary                                           ;
+---------------------+---------------------+------+-------------+
; Target              ; Clock               ; Type ; Status      ;
+---------------------+---------------------+------+-------------+
; altera_reserved_tck ; altera_reserved_tck ; Base ; Constrained ;
; fpga_clk_50         ; fpga_clk_50         ; Base ; Constrained ;
+---------------------+---------------------+------+-------------+


+------------------------------------------------------------------------------------------------------------+
; Unconstrained Input Ports                                                                                  ;
+---------------------+--------------------------------------------------------------------------------------+
; Input Port          ; Comment                                                                              ;
+---------------------+--------------------------------------------------------------------------------------+
; altera_reserved_tdi ; No input delay, min/max delays, false-path exceptions, or max skew assignments found ;
; altera_reserved_tms ; No input delay, min/max delays, false-path exceptions, or max skew assignments found ;
; fpga_butsw_pio[0]   ; No input delay, min/max delays, false-path exceptions, or max skew assignments found ;
; fpga_butsw_pio[1]   ; No input delay, min/max delays, false-path exceptions, or max skew assignments found ;
; fpga_butsw_pio[2]   ; No input delay, min/max delays, false-path exceptions, or max skew assignments found ;
; fpga_butsw_pio[3]   ; No input delay, min/max delays, false-path exceptions, or max skew assignments found ;
; fpga_butsw_pio[4]   ; No input delay, min/max delays, false-path exceptions, or max skew assignments found ;
+---------------------+--------------------------------------------------------------------------------------+


+-------------------------------------------------------------------------------------------------------------+
; Unconstrained Output Ports                                                                                  ;
+---------------------+---------------------------------------------------------------------------------------+
; Output Port         ; Comment                                                                               ;
+---------------------+---------------------------------------------------------------------------------------+
; altera_reserved_tdo ; No output delay, min/max delays, false-path exceptions, or max skew assignments found ;
; fpga_led_pio[0]     ; No output delay, min/max delays, false-path exceptions, or max skew assignments found ;
; fpga_led_pio[1]     ; No output delay, min/max delays, false-path exceptions, or max skew assignments found ;
; fpga_led_pio[2]     ; No output delay, min/max delays, false-path exceptions, or max skew assignments found ;
; fpga_led_pio[3]     ; No output delay, min/max delays, false-path exceptions, or max skew assignments found ;
; fpga_led_pio[4]     ; No output delay, min/max delays, false-path exceptions, or max skew assignments found ;
; fpga_led_pio[5]     ; No output delay, min/max delays, false-path exceptions, or max skew assignments found ;
+---------------------+---------------------------------------------------------------------------------------+


+------------------------------------------------------------------------------------------------------------+
; Unconstrained Input Ports                                                                                  ;
+---------------------+--------------------------------------------------------------------------------------+
; Input Port          ; Comment                                                                              ;
+---------------------+--------------------------------------------------------------------------------------+
; altera_reserved_tdi ; No input delay, min/max delays, false-path exceptions, or max skew assignments found ;
; altera_reserved_tms ; No input delay, min/max delays, false-path exceptions, or max skew assignments found ;
; fpga_butsw_pio[0]   ; No input delay, min/max delays, false-path exceptions, or max skew assignments found ;
; fpga_butsw_pio[1]   ; No input delay, min/max delays, false-path exceptions, or max skew assignments found ;
; fpga_butsw_pio[2]   ; No input delay, min/max delays, false-path exceptions, or max skew assignments found ;
; fpga_butsw_pio[3]   ; No input delay, min/max delays, false-path exceptions, or max skew assignments found ;
; fpga_butsw_pio[4]   ; No input delay, min/max delays, false-path exceptions, or max skew assignments found ;
+---------------------+--------------------------------------------------------------------------------------+


+-------------------------------------------------------------------------------------------------------------+
; Unconstrained Output Ports                                                                                  ;
+---------------------+---------------------------------------------------------------------------------------+
; Output Port         ; Comment                                                                               ;
+---------------------+---------------------------------------------------------------------------------------+
; altera_reserved_tdo ; No output delay, min/max delays, false-path exceptions, or max skew assignments found ;
; fpga_led_pio[0]     ; No output delay, min/max delays, false-path exceptions, or max skew assignments found ;
; fpga_led_pio[1]     ; No output delay, min/max delays, false-path exceptions, or max skew assignments found ;
; fpga_led_pio[2]     ; No output delay, min/max delays, false-path exceptions, or max skew assignments found ;
; fpga_led_pio[3]     ; No output delay, min/max delays, false-path exceptions, or max skew assignments found ;
; fpga_led_pio[4]     ; No output delay, min/max delays, false-path exceptions, or max skew assignments found ;
; fpga_led_pio[5]     ; No output delay, min/max delays, false-path exceptions, or max skew assignments found ;
+---------------------+---------------------------------------------------------------------------------------+


+------------------------------------+
; TimeQuest Timing Analyzer Messages ;
+------------------------------------+
Info: *******************************************************************
Info: Running Quartus Prime TimeQuest Timing Analyzer
    Info: Version 16.1.0 Build 196 10/24/2016 SJ Standard Edition
    Info: Processing started: Thu Aug 30 08:52:53 2018
Info: Command: quartus_sta entrega2-NIOSBlinkLed -c entrega2-NIOSBlinkLed
Info: qsta_default_script.tcl version: #1
Warning (18236): Number of processors has not been specified which may cause overloading on shared machines.  Set the global assignment NUM_PARALLEL_PROCESSORS in your QSF to an appropriate value for best performance.
Info (20030): Parallel compilation is enabled and will use 6 of the 6 processors detected
Info (21077): Low junction temperature is -40 degrees C
Info (21077): High junction temperature is 100 degrees C
Info (332164): Evaluating HDL-embedded SDC commands
    Info (332165): Entity alt_jtag_atlantic
        Info (332166): set_false_path -from [get_registers {*|alt_jtag_atlantic:*|jupdate}] -to [get_registers {*|alt_jtag_atlantic:*|jupdate1*}] 
        Info (332166): set_false_path -from [get_registers {*|alt_jtag_atlantic:*|rdata[*]}] -to [get_registers {*|alt_jtag_atlantic*|td_shift[*]}]
        Info (332166): set_false_path -from [get_registers {*|alt_jtag_atlantic:*|rdata[*]}] -to [get_registers {*|alt_jtag_atlantic*|td_shift[*]}]
        Info (332166): set_false_path -from [get_registers {*|alt_jtag_atlantic:*|rdata[*]}] -to [get_registers {*|alt_jtag_atlantic*|td_shift[*]}]
        Info (332166): set_false_path -from [get_registers {*|alt_jtag_atlantic:*|rdata[*]}] -to [get_registers {*|alt_jtag_atlantic*|td_shift[*]}]
        Info (332166): set_false_path -from [get_registers {*|alt_jtag_atlantic:*|rdata[*]}] -to [get_registers {*|alt_jtag_atlantic*|td_shift[*]}]
        Info (332166): set_false_path -from [get_registers {*|alt_jtag_atlantic:*|rdata[*]}] -to [get_registers {*|alt_jtag_atlantic*|td_shift[*]}]
        Info (332166): set_false_path -from [get_registers {*|alt_jtag_atlantic:*|rdata[*]}] -to [get_registers {*|alt_jtag_atlantic*|td_shift[*]}]
        Info (332166): set_false_path -from [get_registers {*|alt_jtag_atlantic:*|rdata[*]}] -to [get_registers {*|alt_jtag_atlantic*|td_shift[*]}]
        Info (332166): set_false_path -from [get_registers {*|alt_jtag_atlantic:*|read}] -to [get_registers {*|alt_jtag_atlantic:*|read1*}] 
        Info (332166): set_false_path -from [get_registers {*|alt_jtag_atlantic:*|read_req}]
        Info (332166): set_false_path -from [get_registers {*|alt_jtag_atlantic:*|rvalid}] -to [get_registers {*|alt_jtag_atlantic*|td_shift[*]}]
        Info (332166): set_false_path -from [get_registers {*|t_dav}] -to [get_registers {*|alt_jtag_atlantic:*|tck_t_dav}]
        Info (332166): set_false_path -from [get_registers {*|alt_jtag_atlantic:*|user_saw_rvalid}] -to [get_registers {*|alt_jtag_atlantic:*|rvalid0*}]
        Info (332166): set_false_path -from [get_registers {*|alt_jtag_atlantic:*|wdata[*]}] -to [get_registers {*}]
        Info (332166): set_false_path -from [get_registers {*|alt_jtag_atlantic:*|wdata[*]}] -to [get_registers {*}]
        Info (332166): set_false_path -from [get_registers {*|alt_jtag_atlantic:*|wdata[*]}] -to [get_registers {*}]
        Info (332166): set_false_path -from [get_registers {*|alt_jtag_atlantic:*|wdata[*]}] -to [get_registers {*}]
        Info (332166): set_false_path -from [get_registers {*|alt_jtag_atlantic:*|wdata[*]}] -to [get_registers {*}]
        Info (332166): set_false_path -from [get_registers {*|alt_jtag_atlantic:*|wdata[*]}] -to [get_registers {*}]
        Info (332166): set_false_path -from [get_registers {*|alt_jtag_atlantic:*|wdata[*]}] -to [get_registers {*}]
        Info (332166): set_false_path -from [get_registers {*|alt_jtag_atlantic:*|wdata[*]}] -to [get_registers {*}]
        Info (332166): set_false_path -from [get_registers {*|alt_jtag_atlantic:*|write}] -to [get_registers {*|alt_jtag_atlantic:*|write1*}] 
        Info (332166): set_false_path -from [get_registers {*|alt_jtag_atlantic:*|write_stalled}] -to [get_registers {*|alt_jtag_atlantic:*|t_ena*}]
        Info (332166): set_false_path -from [get_registers {*|alt_jtag_atlantic:*|write_stalled}] -to [get_registers {*|alt_jtag_atlantic:*|t_pause*}]
        Info (332166): set_false_path -from [get_registers {*|alt_jtag_atlantic:*|write_valid}]
    Info (332165): Entity altera_std_synchronizer
        Info (332166): set_false_path -to [get_keepers {*altera_std_synchronizer:*|din_s1}]
    Info (332165): Entity sld_hub
        Info (332166): create_clock -name altera_reserved_tck [get_ports {altera_reserved_tck}] -period 30MHz   
        Info (332166): if { [string equal quartus_fit $::TimeQuestInfo(nameofexecutable)] } { set_max_delay -to [get_ports { altera_reserved_tdo } ] 0 }
        Info (332166): set_clock_groups -asynchronous -group {altera_reserved_tck}
Info (332104): Reading SDC File: '../entrega1/NIOS-Blink-LED.sdc'
Info (332104): Reading SDC File: 'niosHello/synthesis/submodules/altera_reset_controller.sdc'
Info (332104): Reading SDC File: 'niosHello/synthesis/submodules/niosHello_nios2_gen2_0_cpu.sdc'
Info (332097): The following timing edges are non-unate.  TimeQuest will assume pos-unate behavior for these edges in the clock network.
    Info (332098): From: u0|nios2_gen2_0|cpu|the_niosHello_nios2_gen2_0_cpu_nios2_oci|the_niosHello_nios2_gen2_0_cpu_nios2_ocimem|niosHello_nios2_gen2_0_cpu_ociram_sp_ram|the_altsyncram|auto_generated|ram_block1a8|clk0  to: niosHello:u0|niosHello_nios2_gen2_0:nios2_gen2_0|niosHello_nios2_gen2_0_cpu:cpu|niosHello_nios2_gen2_0_cpu_nios2_oci:the_niosHello_nios2_gen2_0_cpu_nios2_oci|niosHello_nios2_gen2_0_cpu_nios2_ocimem:the_niosHello_nios2_gen2_0_cpu_nios2_ocimem|niosHello_nios2_gen2_0_cpu_ociram_sp_ram_module:niosHello_nios2_gen2_0_cpu_ociram_sp_ram|altsyncram:the_altsyncram|altsyncram_qid1:auto_generated|ram_block1a8~CLOCK1_ENABLE1_0
Info (332143): No user constrained clock uncertainty found in the design. Calling "derive_clock_uncertainty"
Info (332123): Deriving Clock Uncertainty. Please refer to report_sdc in TimeQuest to see clock uncertainties.
Info: Found TIMEQUEST_REPORT_SCRIPT_INCLUDE_DEFAULT_ANALYSIS = ON
Info: Analyzing Slow 1100mV 100C Model
Info (332146): Worst-case setup slack is 6.393
    Info (332119):     Slack       End Point TNS Clock 
    Info (332119): ========= =================== =====================
    Info (332119):     6.393               0.000 fpga_clk_50 
    Info (332119):    10.838               0.000 altera_reserved_tck 
Info (332146): Worst-case hold slack is 0.307
    Info (332119):     Slack       End Point TNS Clock 
    Info (332119): ========= =================== =====================
    Info (332119):     0.307               0.000 altera_reserved_tck 
    Info (332119):     0.338               0.000 fpga_clk_50 
Info (332146): Worst-case recovery slack is 13.775
    Info (332119):     Slack       End Point TNS Clock 
    Info (332119): ========= =================== =====================
    Info (332119):    13.775               0.000 fpga_clk_50 
    Info (332119):    14.149               0.000 altera_reserved_tck 
Info (332146): Worst-case removal slack is 1.183
    Info (332119):     Slack       End Point TNS Clock 
    Info (332119): ========= =================== =====================
    Info (332119):     1.183               0.000 fpga_clk_50 
    Info (332119):     1.235               0.000 altera_reserved_tck 
Info (332146): Worst-case minimum pulse width slack is 8.824
    Info (332119):     Slack       End Point TNS Clock 
    Info (332119): ========= =================== =====================
    Info (332119):     8.824               0.000 fpga_clk_50 
    Info (332119):    15.701               0.000 altera_reserved_tck 
Info (332114): Report Metastability: Found 13 synchronizer chains.
    Info (332114): Worst-Case MTBF of Design is 1e+09 years or 3.15e+16 seconds.
    Info (332114): Typical MTBF of Design is 1e+09 years or 3.15e+16 seconds.

    Info (332114): Number of Synchronizer Chains Found: 13
    Info (332114): Shortest Synchronizer Chain: 2 Registers
    Info (332114): Fraction of Chains for which MTBFs Could Not be Calculated: 0.615
    Info (332114): Worst Case Available Settling Time: 18.491 ns
    Info (332114): 
    Info (332114): Worst-Case MTBF values are calculated based on the worst-case silicon characteristics, with worst-case operating conditions.
    Info (332114):   - Under worst-case conditions, an increase of 100ps in available settling time will increase MTBF values by a factor of 8.0
    Info (332114): Typical MTBF values are calculated based on the nominal silicon characteristics, at nominal operating conditions.
    Info (332114):   - Under typical conditions, an increase of 100ps in available settling time will increase MTBF values by a factor of 17.8
Info: Analyzing Slow 1100mV -40C Model
Info (334003): Started post-fitting delay annotation
Info (334004): Delay annotation completed successfully
Info (332097): The following timing edges are non-unate.  TimeQuest will assume pos-unate behavior for these edges in the clock network.
    Info (332098): From: u0|nios2_gen2_0|cpu|the_niosHello_nios2_gen2_0_cpu_nios2_oci|the_niosHello_nios2_gen2_0_cpu_nios2_ocimem|niosHello_nios2_gen2_0_cpu_ociram_sp_ram|the_altsyncram|auto_generated|ram_block1a8|clk0  to: niosHello:u0|niosHello_nios2_gen2_0:nios2_gen2_0|niosHello_nios2_gen2_0_cpu:cpu|niosHello_nios2_gen2_0_cpu_nios2_oci:the_niosHello_nios2_gen2_0_cpu_nios2_oci|niosHello_nios2_gen2_0_cpu_nios2_ocimem:the_niosHello_nios2_gen2_0_cpu_nios2_ocimem|niosHello_nios2_gen2_0_cpu_ociram_sp_ram_module:niosHello_nios2_gen2_0_cpu_ociram_sp_ram|altsyncram:the_altsyncram|altsyncram_qid1:auto_generated|ram_block1a8~CLOCK1_ENABLE1_0
Info (332123): Deriving Clock Uncertainty. Please refer to report_sdc in TimeQuest to see clock uncertainties.
Info (332146): Worst-case setup slack is 7.139
    Info (332119):     Slack       End Point TNS Clock 
    Info (332119): ========= =================== =====================
    Info (332119):     7.139               0.000 fpga_clk_50 
    Info (332119):    11.105               0.000 altera_reserved_tck 
Info (332146): Worst-case hold slack is 0.314
    Info (332119):     Slack       End Point TNS Clock 
    Info (332119): ========= =================== =====================
    Info (332119):     0.314               0.000 fpga_clk_50 
    Info (332119):     0.328               0.000 altera_reserved_tck 
Info (332146): Worst-case recovery slack is 14.117
    Info (332119):     Slack       End Point TNS Clock 
    Info (332119): ========= =================== =====================
    Info (332119):    14.117               0.000 fpga_clk_50 
    Info (332119):    14.317               0.000 altera_reserved_tck 
Info (332146): Worst-case removal slack is 1.083
    Info (332119):     Slack       End Point TNS Clock 
    Info (332119): ========= =================== =====================
    Info (332119):     1.083               0.000 altera_reserved_tck 
    Info (332119):     1.087               0.000 fpga_clk_50 
Info (332146): Worst-case minimum pulse width slack is 8.793
    Info (332119):     Slack       End Point TNS Clock 
    Info (332119): ========= =================== =====================
    Info (332119):     8.793               0.000 fpga_clk_50 
    Info (332119):    15.732               0.000 altera_reserved_tck 
Info (332114): Report Metastability: Found 13 synchronizer chains.
    Info (332114): Worst-Case MTBF of Design is 1e+09 years or 3.15e+16 seconds.
    Info (332114): Typical MTBF of Design is 1e+09 years or 3.15e+16 seconds.

    Info (332114): Number of Synchronizer Chains Found: 13
    Info (332114): Shortest Synchronizer Chain: 2 Registers
    Info (332114): Fraction of Chains for which MTBFs Could Not be Calculated: 0.615
    Info (332114): Worst Case Available Settling Time: 18.511 ns
    Info (332114): 
    Info (332114): Worst-Case MTBF values are calculated based on the worst-case silicon characteristics, with worst-case operating conditions.
    Info (332114):   - Under worst-case conditions, an increase of 100ps in available settling time will increase MTBF values by a factor of 1.7
    Info (332114): Typical MTBF values are calculated based on the nominal silicon characteristics, at nominal operating conditions.
    Info (332114):   - Under typical conditions, an increase of 100ps in available settling time will increase MTBF values by a factor of 17.8
Info: Analyzing Fast 1100mV 100C Model
Info (334003): Started post-fitting delay annotation
Info (334004): Delay annotation completed successfully
Info (332097): The following timing edges are non-unate.  TimeQuest will assume pos-unate behavior for these edges in the clock network.
    Info (332098): From: u0|nios2_gen2_0|cpu|the_niosHello_nios2_gen2_0_cpu_nios2_oci|the_niosHello_nios2_gen2_0_cpu_nios2_ocimem|niosHello_nios2_gen2_0_cpu_ociram_sp_ram|the_altsyncram|auto_generated|ram_block1a8|clk0  to: niosHello:u0|niosHello_nios2_gen2_0:nios2_gen2_0|niosHello_nios2_gen2_0_cpu:cpu|niosHello_nios2_gen2_0_cpu_nios2_oci:the_niosHello_nios2_gen2_0_cpu_nios2_oci|niosHello_nios2_gen2_0_cpu_nios2_ocimem:the_niosHello_nios2_gen2_0_cpu_nios2_ocimem|niosHello_nios2_gen2_0_cpu_ociram_sp_ram_module:niosHello_nios2_gen2_0_cpu_ociram_sp_ram|altsyncram:the_altsyncram|altsyncram_qid1:auto_generated|ram_block1a8~CLOCK1_ENABLE1_0
Info (332123): Deriving Clock Uncertainty. Please refer to report_sdc in TimeQuest to see clock uncertainties.
Info (332146): Worst-case setup slack is 10.767
    Info (332119):     Slack       End Point TNS Clock 
    Info (332119): ========= =================== =====================
    Info (332119):    10.767               0.000 fpga_clk_50 
    Info (332119):    13.610               0.000 altera_reserved_tck 
Info (332146): Worst-case hold slack is 0.093
    Info (332119):     Slack       End Point TNS Clock 
    Info (332119): ========= =================== =====================
    Info (332119):     0.093               0.000 altera_reserved_tck 
    Info (332119):     0.153               0.000 fpga_clk_50 
Info (332146): Worst-case recovery slack is 15.637
    Info (332119):     Slack       End Point TNS Clock 
    Info (332119): ========= =================== =====================
    Info (332119):    15.637               0.000 altera_reserved_tck 
    Info (332119):    15.926               0.000 fpga_clk_50 
Info (332146): Worst-case removal slack is 0.498
    Info (332119):     Slack       End Point TNS Clock 
    Info (332119): ========= =================== =====================
    Info (332119):     0.498               0.000 altera_reserved_tck 
    Info (332119):     0.546               0.000 fpga_clk_50 
Info (332146): Worst-case minimum pulse width slack is 8.491
    Info (332119):     Slack       End Point TNS Clock 
    Info (332119): ========= =================== =====================
    Info (332119):     8.491               0.000 fpga_clk_50 
    Info (332119):    15.730               0.000 altera_reserved_tck 
Info (332114): Report Metastability: Found 13 synchronizer chains.
    Info (332114): Worst-Case MTBF of Design is 1e+09 years or 3.15e+16 seconds.
    Info (332114): Typical MTBF of Design is 1e+09 years or 3.15e+16 seconds.

    Info (332114): Number of Synchronizer Chains Found: 13
    Info (332114): Shortest Synchronizer Chain: 2 Registers
    Info (332114): Fraction of Chains for which MTBFs Could Not be Calculated: 0.615
    Info (332114): Worst Case Available Settling Time: 19.115 ns
    Info (332114): 
    Info (332114): Worst-Case MTBF values are calculated based on the worst-case silicon characteristics, with worst-case operating conditions.
    Info (332114):   - Under worst-case conditions, an increase of 100ps in available settling time will increase MTBF values by a factor of 8.0
    Info (332114): Typical MTBF values are calculated based on the nominal silicon characteristics, at nominal operating conditions.
    Info (332114):   - Under typical conditions, an increase of 100ps in available settling time will increase MTBF values by a factor of 17.8
Info: Analyzing Fast 1100mV -40C Model
Info (332097): The following timing edges are non-unate.  TimeQuest will assume pos-unate behavior for these edges in the clock network.
    Info (332098): From: u0|nios2_gen2_0|cpu|the_niosHello_nios2_gen2_0_cpu_nios2_oci|the_niosHello_nios2_gen2_0_cpu_nios2_ocimem|niosHello_nios2_gen2_0_cpu_ociram_sp_ram|the_altsyncram|auto_generated|ram_block1a8|clk0  to: niosHello:u0|niosHello_nios2_gen2_0:nios2_gen2_0|niosHello_nios2_gen2_0_cpu:cpu|niosHello_nios2_gen2_0_cpu_nios2_oci:the_niosHello_nios2_gen2_0_cpu_nios2_oci|niosHello_nios2_gen2_0_cpu_nios2_ocimem:the_niosHello_nios2_gen2_0_cpu_nios2_ocimem|niosHello_nios2_gen2_0_cpu_ociram_sp_ram_module:niosHello_nios2_gen2_0_cpu_ociram_sp_ram|altsyncram:the_altsyncram|altsyncram_qid1:auto_generated|ram_block1a8~CLOCK1_ENABLE1_0
Info (332123): Deriving Clock Uncertainty. Please refer to report_sdc in TimeQuest to see clock uncertainties.
Info (332146): Worst-case setup slack is 12.738
    Info (332119):     Slack       End Point TNS Clock 
    Info (332119): ========= =================== =====================
    Info (332119):    12.738               0.000 fpga_clk_50 
    Info (332119):    14.154               0.000 altera_reserved_tck 
Info (332146): Worst-case hold slack is 0.071
    Info (332119):     Slack       End Point TNS Clock 
    Info (332119): ========= =================== =====================
    Info (332119):     0.071               0.000 altera_reserved_tck 
    Info (332119):     0.114               0.000 fpga_clk_50 
Info (332146): Worst-case recovery slack is 15.821
    Info (332119):     Slack       End Point TNS Clock 
    Info (332119): ========= =================== =====================
    Info (332119):    15.821               0.000 altera_reserved_tck 
    Info (332119):    16.707               0.000 fpga_clk_50 
Info (332146): Worst-case removal slack is 0.394
    Info (332119):     Slack       End Point TNS Clock 
    Info (332119): ========= =================== =====================
    Info (332119):     0.394               0.000 altera_reserved_tck 
    Info (332119):     0.473               0.000 fpga_clk_50 
Info (332146): Worst-case minimum pulse width slack is 8.420
    Info (332119):     Slack       End Point TNS Clock 
    Info (332119): ========= =================== =====================
    Info (332119):     8.420               0.000 fpga_clk_50 
    Info (332119):    15.775               0.000 altera_reserved_tck 
Info (332114): Report Metastability: Found 13 synchronizer chains.
    Info (332114): Worst-Case MTBF of Design is 1e+09 years or 3.15e+16 seconds.
    Info (332114): Typical MTBF of Design is 1e+09 years or 3.15e+16 seconds.

    Info (332114): Number of Synchronizer Chains Found: 13
    Info (332114): Shortest Synchronizer Chain: 2 Registers
    Info (332114): Fraction of Chains for which MTBFs Could Not be Calculated: 0.615
    Info (332114): Worst Case Available Settling Time: 19.235 ns
    Info (332114): 
    Info (332114): Worst-Case MTBF values are calculated based on the worst-case silicon characteristics, with worst-case operating conditions.
    Info (332114):   - Under worst-case conditions, an increase of 100ps in available settling time will increase MTBF values by a factor of 1.7
    Info (332114): Typical MTBF values are calculated based on the nominal silicon characteristics, at nominal operating conditions.
    Info (332114):   - Under typical conditions, an increase of 100ps in available settling time will increase MTBF values by a factor of 17.8
Info (332102): Design is not fully constrained for setup requirements
Info (332102): Design is not fully constrained for hold requirements
Info: Quartus Prime TimeQuest Timing Analyzer was successful. 0 errors, 1 warning
    Info: Peak virtual memory: 1445 megabytes
    Info: Processing ended: Thu Aug 30 08:53:15 2018
    Info: Elapsed time: 00:00:22
    Info: Total CPU time (on all processors): 00:00:51


