Flow report for entrega2-NIOSBlinkLed
Thu Aug 30 08:53:23 2018
Quartus Prime Version 16.1.0 Build 196 10/24/2016 SJ Standard Edition


---------------------
; Table of Contents ;
---------------------
  1. Legal Notice
  2. Flow Summary
  3. Flow Settings
  4. Flow Non-Default Global Settings
  5. Flow Elapsed Time
  6. Flow OS Summary
  7. Flow Log
  8. Flow Messages
  9. Flow Suppressed Messages



----------------
; Legal Notice ;
----------------
Copyright (C) 2016  Intel Corporation. All rights reserved.
Your use of Intel Corporation's design tools, logic functions 
and other software and tools, and its AMPP partner logic 
functions, and any output files from any of the foregoing 
(including device programming or simulation files), and any 
associated documentation or information are expressly subject 
to the terms and conditions of the Intel Program License 
Subscription Agreement, the Intel Quartus Prime License Agreement,
the Intel MegaCore Function License Agreement, or other 
applicable license agreement, including, without limitation, 
that your use is for the sole purpose of programming logic 
devices manufactured by Intel and sold by Intel or its 
authorized distributors.  Please refer to the applicable 
agreement for further details.



+-----------------------------------------------------------------------------------+
; Flow Summary                                                                      ;
+---------------------------------+-------------------------------------------------+
; Flow Status                     ; Successful - Thu Aug 30 08:53:23 2018           ;
; Quartus Prime Version           ; 16.1.0 Build 196 10/24/2016 SJ Standard Edition ;
; Revision Name                   ; entrega2-NIOSBlinkLed                           ;
; Top-level Entity Name           ; topLevel                                        ;
; Family                          ; Cyclone V                                       ;
; Device                          ; 5CSEBA6U23I7                                    ;
; Timing Models                   ; Final                                           ;
; Logic utilization (in ALMs)     ; 929 / 41,910 ( 2 % )                            ;
; Total registers                 ; 1001                                            ;
; Total pins                      ; 12 / 314 ( 4 % )                                ;
; Total virtual pins              ; 0                                               ;
; Total block memory bits         ; 4,205,568 / 5,662,720 ( 74 % )                  ;
; Total DSP Blocks                ; 0 / 112 ( 0 % )                                 ;
; Total HSSI RX PCSs              ; 0                                               ;
; Total HSSI PMA RX Deserializers ; 0                                               ;
; Total HSSI TX PCSs              ; 0                                               ;
; Total HSSI PMA TX Serializers   ; 0                                               ;
; Total PLLs                      ; 0 / 6 ( 0 % )                                   ;
; Total DLLs                      ; 0 / 4 ( 0 % )                                   ;
+---------------------------------+-------------------------------------------------+


+-------------------------------------------+
; Flow Settings                             ;
+-------------------+-----------------------+
; Option            ; Setting               ;
+-------------------+-----------------------+
; Start date & time ; 08/30/2018 08:48:45   ;
; Main task         ; Compilation           ;
; Revision Name     ; entrega2-NIOSBlinkLed ;
+-------------------+-----------------------+


+----------------------------------------------------------------------------------------------------------------------------------------------------------+
; Flow Non-Default Global Settings                                                                                                                         ;
+-------------------------------------+-------------------------------------------------------------+-----------------------+-------------+----------------+
; Assignment Name                     ; Value                                                       ; Default Value         ; Entity Name ; Section Id     ;
+-------------------------------------+-------------------------------------------------------------+-----------------------+-------------+----------------+
; COMPILER_SIGNATURE_ID               ; 203178705719843.153562972512119                             ; --                    ; --          ; --             ;
; EDA_OUTPUT_DATA_FORMAT              ; Verilog Hdl                                                 ; --                    ; --          ; eda_simulation ;
; EDA_SIMULATION_TOOL                 ; ModelSim-Altera (Verilog)                                   ; <None>                ; --          ; --             ;
; EDA_TIME_SCALE                      ; 1 ps                                                        ; --                    ; --          ; eda_simulation ;
; MAX_CORE_JUNCTION_TEMP              ; 100                                                         ; --                    ; --          ; --             ;
; MIN_CORE_JUNCTION_TEMP              ; -40                                                         ; --                    ; --          ; --             ;
; MISC_FILE                           ; niosHello/synthesis/../niosHello.cmp                        ; --                    ; --          ; --             ;
; MISC_FILE                           ; niosHello/synthesis/../../niosHello.qsys                    ; --                    ; --          ; --             ;
; PARTITION_COLOR                     ; -- (Not supported for targeted family)                      ; --                    ; topLevel    ; Top            ;
; PARTITION_FITTER_PRESERVATION_LEVEL ; -- (Not supported for targeted family)                      ; --                    ; topLevel    ; Top            ;
; PARTITION_NETLIST_TYPE              ; -- (Not supported for targeted family)                      ; --                    ; topLevel    ; Top            ;
; POWER_BOARD_THERMAL_MODEL           ; None (CONSERVATIVE)                                         ; --                    ; --          ; --             ;
; POWER_PRESET_COOLING_SOLUTION       ; 23 MM HEAT SINK WITH 200 LFPM AIRFLOW                       ; --                    ; --          ; --             ;
; PROJECT_OUTPUT_DIRECTORY            ; output_files                                                ; --                    ; --          ; --             ;
; SLD_FILE                            ; niosHello/synthesis/niosHello.regmap                        ; --                    ; --          ; --             ;
; SLD_FILE                            ; niosHello/synthesis/niosHello.debuginfo                     ; --                    ; --          ; --             ;
; SLD_INFO                            ; QSYS_NAME niosHello HAS_SOPCINFO 1 GENERATION_ID 1535629279 ; --                    ; niosHello   ; --             ;
; SOPCINFO_FILE                       ; niosHello/synthesis/../../niosHello.sopcinfo                ; --                    ; --          ; --             ;
; SYNTHESIS_ONLY_QIP                  ; On                                                          ; --                    ; --          ; --             ;
; TOP_LEVEL_ENTITY                    ; topLevel                                                    ; entrega2-NIOSBlinkLed ; --          ; --             ;
+-------------------------------------+-------------------------------------------------------------+-----------------------+-------------+----------------+


+-------------------------------------------------------------------------------------------------------------------------------+
; Flow Elapsed Time                                                                                                             ;
+---------------------------+--------------+-------------------------+---------------------+------------------------------------+
; Module Name               ; Elapsed Time ; Average Processors Used ; Peak Virtual Memory ; Total CPU Time (on all processors) ;
+---------------------------+--------------+-------------------------+---------------------+------------------------------------+
; Analysis & Synthesis      ; 00:00:58     ; 1.0                     ; 1218 MB             ; 00:01:47                           ;
; Fitter                    ; 00:02:36     ; 1.3                     ; 2374 MB             ; 00:06:58                           ;
; Assembler                 ; 00:00:22     ; 1.0                     ; 1047 MB             ; 00:00:22                           ;
; TimeQuest Timing Analyzer ; 00:00:22     ; 2.6                     ; 1445 MB             ; 00:00:51                           ;
; EDA Netlist Writer        ; 00:00:07     ; 1.0                     ; 1206 MB             ; 00:00:07                           ;
; Total                     ; 00:04:25     ; --                      ; --                  ; 00:10:05                           ;
+---------------------------+--------------+-------------------------+---------------------+------------------------------------+


+----------------------------------------------------------------------------------------------------+
; Flow OS Summary                                                                                    ;
+---------------------------+-------------------------+----------------+------------+----------------+
; Module Name               ; Machine Hostname        ; OS Name        ; OS Version ; Processor type ;
+---------------------------+-------------------------+----------------+------------+----------------+
; Analysis & Synthesis      ; comp404-Precision-T5600 ; Ubuntu 16.04.4 ; 16         ; x86_64         ;
; Fitter                    ; comp404-Precision-T5600 ; Ubuntu 16.04.4 ; 16         ; x86_64         ;
; Assembler                 ; comp404-Precision-T5600 ; Ubuntu 16.04.4 ; 16         ; x86_64         ;
; TimeQuest Timing Analyzer ; comp404-Precision-T5600 ; Ubuntu 16.04.4 ; 16         ; x86_64         ;
; EDA Netlist Writer        ; comp404-Precision-T5600 ; Ubuntu 16.04.4 ; 16         ; x86_64         ;
+---------------------------+-------------------------+----------------+------------+----------------+


------------
; Flow Log ;
------------
quartus_map --read_settings_files=on --write_settings_files=off entrega2-NIOSBlinkLed -c entrega2-NIOSBlinkLed
quartus_fit --read_settings_files=off --write_settings_files=off entrega2-NIOSBlinkLed -c entrega2-NIOSBlinkLed
quartus_asm --read_settings_files=off --write_settings_files=off entrega2-NIOSBlinkLed -c entrega2-NIOSBlinkLed
quartus_sta entrega2-NIOSBlinkLed -c entrega2-NIOSBlinkLed
quartus_eda --read_settings_files=off --write_settings_files=off entrega2-NIOSBlinkLed -c entrega2-NIOSBlinkLed



