Archive Project report for entrega2-NIOSBlinkLed
Thu Sep  6 04:30:39 2018
Quartus Prime Version 16.0.0 Build 211 04/27/2016 SJ Lite Edition


---------------------
; Table of Contents ;
---------------------
  1. Legal Notice
  2. Archive Project Summary
  3. Archive Project Messages
  4. Files Archived



----------------
; Legal Notice ;
----------------
Copyright (C) 1991-2016 Altera Corporation. All rights reserved.
Your use of Altera Corporation's design tools, logic functions 
and other software and tools, and its AMPP partner logic 
functions, and any output files from any of the foregoing 
(including device programming or simulation files), and any 
associated documentation or information are expressly subject 
to the terms and conditions of the Altera Program License 
Subscription Agreement, the Altera Quartus Prime License Agreement,
the Altera MegaCore Function License Agreement, or other 
applicable license agreement, including, without limitation, 
that your use is for the sole purpose of programming logic 
devices manufactured by Altera and sold by Altera or its 
authorized distributors.  Please refer to the applicable 
agreement for further details.



+----------------------------------------------------------------+
; Archive Project Summary                                        ;
+------------------------+---------------------------------------+
; Archive Project Status ; Successful - Thu Sep  6 04:30:39 2018 ;
; Revision Name          ; entrega2-NIOSBlinkLed                 ;
; Top-level Entity Name  ; topLevel                              ;
; Family                 ; Cyclone V                             ;
+------------------------+---------------------------------------+


+--------------------------+
; Archive Project Messages ;
+--------------------------+
Info: File Set 'Source control' contains:
    Info: Project source and settings files
    Info: Automatically detected source files
Warning: Excluding 'Automatically detected source files' The Quartus Prime software may not be able to automatically locate all project files.
Info: Parsing: niosHello/synthesis/niosHello.vhd
Info: Parsing: niosHello/synthesis/submodules/altera_reset_controller.v
Info: Parsing: niosHello/synthesis/submodules/altera_reset_synchronizer.v
Info: Parsing: niosHello/synthesis/submodules/niosHello_irq_mapper.sv
Info: Parsing: niosHello/synthesis/submodules/niosHello_mm_interconnect_0.v
Info: Parsing: niosHello/synthesis/submodules/niosHello_mm_interconnect_0_avalon_st_adapter.v
Info: Parsing: niosHello/synthesis/submodules/niosHello_mm_interconnect_0_avalon_st_adapter_error_adapter_0.sv
Info: Parsing: niosHello/synthesis/submodules/niosHello_mm_interconnect_0_rsp_mux_001.sv
Info: Parsing: niosHello/synthesis/submodules/altera_merlin_arbitrator.sv
Info: Parsing: niosHello/synthesis/submodules/niosHello_mm_interconnect_0_rsp_mux.sv
Info: Parsing: niosHello/synthesis/submodules/niosHello_mm_interconnect_0_rsp_demux.sv
Info: Parsing: niosHello/synthesis/submodules/niosHello_mm_interconnect_0_cmd_mux_001.sv
Info: Parsing: niosHello/synthesis/submodules/niosHello_mm_interconnect_0_cmd_mux.sv
Info: Parsing: niosHello/synthesis/submodules/niosHello_mm_interconnect_0_cmd_demux_001.sv
Info: Parsing: niosHello/synthesis/submodules/niosHello_mm_interconnect_0_cmd_demux.sv
Info: Parsing: niosHello/synthesis/submodules/niosHello_mm_interconnect_0_router_003.sv
Info: Parsing: niosHello/synthesis/submodules/niosHello_mm_interconnect_0_router_002.sv
Info: Parsing: niosHello/synthesis/submodules/niosHello_mm_interconnect_0_router_001.sv
Info: Parsing: niosHello/synthesis/submodules/niosHello_mm_interconnect_0_router.sv
Info: Parsing: niosHello/synthesis/submodules/altera_avalon_sc_fifo.v
Info: Parsing: niosHello/synthesis/submodules/altera_merlin_slave_agent.sv
Info: Parsing: niosHello/synthesis/submodules/altera_merlin_burst_uncompressor.sv
Info: Parsing: niosHello/synthesis/submodules/altera_merlin_master_agent.sv
Info: Parsing: niosHello/synthesis/submodules/altera_merlin_slave_translator.sv
Info: Parsing: niosHello/synthesis/submodules/altera_merlin_master_translator.sv
Info: Parsing: niosHello/synthesis/submodules/niosHello_rom.v
Info: Discovered: niosHello/synthesis/submodules/niosHello_rom.hex
Info: Parsing: niosHello/synthesis/submodules/niosHello_ram.v
Info: Discovered: niosHello/synthesis/submodules/niosHello_ram.hex
Info: Parsing: niosHello/synthesis/submodules/niosHello_pio_1.v
Info: Parsing: niosHello/synthesis/submodules/niosHello_pio_0.v
Info: Parsing: niosHello/synthesis/submodules/niosHello_nios2_gen2_0.v
Info: Parsing: niosHello/synthesis/submodules/niosHello_nios2_gen2_0_cpu_test_bench.v
Info: Parsing: niosHello/synthesis/submodules/niosHello_nios2_gen2_0_cpu.v
Info: Parsing: niosHello/synthesis/submodules/niosHello_nios2_gen2_0_cpu_debug_slave_sysclk.v
Info: Parsing: niosHello/synthesis/submodules/niosHello_nios2_gen2_0_cpu_debug_slave_tck.v
Info: Parsing: niosHello/synthesis/submodules/niosHello_nios2_gen2_0_cpu_debug_slave_wrapper.v
Info: Parsing: niosHello/synthesis/submodules/niosHello_jtag_uart_0.v
Info: Parsing: topLevel.vhd
Info: Archive will store files relative to the closest common parent directory
Info (13213): Using common directory /home/raphacosta/Desktop/
Info: ----------------------------------------------------------
Info: ----------------------------------------------------------
Info: Generated archive '/home/raphacosta/Desktop/ Tutorial-SoftProcessor-IP/ Tutorial-SoftProcessor-IP.qar'
Info: ----------------------------------------------------------
Info: ----------------------------------------------------------
Info: Generated report 'entrega2-NIOSBlinkLed.archive.rpt'
Info (23030): Evaluation of Tcl script /home/raphacosta/altera_lite/16.0/quartus/common/tcl/apps/qpm/qar.tcl was successful
Info: Quartus Prime Shell was successful. 0 errors, 1 warning
    Info: Peak virtual memory: 1215 megabytes
    Info: Processing ended: Thu Sep  6 04:30:39 2018
    Info: Elapsed time: 00:00:01
    Info: Total CPU time (on all processors): 00:00:01


+-------------------------------------------------------------------------------------------------+
; Files Archived                                                                                  ;
+-------------------------------------------------------------------------------------------------+
; File Name                                                                                       ;
+-------------------------------------------------------------------------------------------------+
; ../entrega1/NIOS-Blink-LED.sdc                                                                  ;
; /home/raphacosta/altera_lite/16.0/quartus/linux64/assignment_defaults.qdf                       ;
; /home/raphacosta/Desktop/entrega1/NIOS-Blink-LED.sdc                                            ;
; entrega2-NIOSBlinkLed.qpf                                                                       ;
; entrega2-NIOSBlinkLed.qsf                                                                       ;
; niosHello/synthesis/../../niosHello.qsys                                                        ;
; niosHello/synthesis/../../niosHello.sopcinfo                                                    ;
; niosHello/synthesis/../niosHello.cmp                                                            ;
; niosHello/synthesis/niosHello.debuginfo                                                         ;
; niosHello/synthesis/niosHello.qip                                                               ;
; niosHello/synthesis/niosHello.regmap                                                            ;
; niosHello/synthesis/niosHello.vhd                                                               ;
; niosHello/synthesis/submodules/altera_avalon_sc_fifo.v                                          ;
; niosHello/synthesis/submodules/altera_merlin_arbitrator.sv                                      ;
; niosHello/synthesis/submodules/altera_merlin_burst_uncompressor.sv                              ;
; niosHello/synthesis/submodules/altera_merlin_master_agent.sv                                    ;
; niosHello/synthesis/submodules/altera_merlin_master_translator.sv                               ;
; niosHello/synthesis/submodules/altera_merlin_slave_agent.sv                                     ;
; niosHello/synthesis/submodules/altera_merlin_slave_translator.sv                                ;
; niosHello/synthesis/submodules/altera_reset_controller.sdc                                      ;
; niosHello/synthesis/submodules/altera_reset_controller.v                                        ;
; niosHello/synthesis/submodules/altera_reset_synchronizer.v                                      ;
; niosHello/synthesis/submodules/niosHello_irq_mapper.sv                                          ;
; niosHello/synthesis/submodules/niosHello_jtag_uart_0.v                                          ;
; niosHello/synthesis/submodules/niosHello_mm_interconnect_0.v                                    ;
; niosHello/synthesis/submodules/niosHello_mm_interconnect_0_avalon_st_adapter.v                  ;
; niosHello/synthesis/submodules/niosHello_mm_interconnect_0_avalon_st_adapter_error_adapter_0.sv ;
; niosHello/synthesis/submodules/niosHello_mm_interconnect_0_cmd_demux.sv                         ;
; niosHello/synthesis/submodules/niosHello_mm_interconnect_0_cmd_demux_001.sv                     ;
; niosHello/synthesis/submodules/niosHello_mm_interconnect_0_cmd_mux.sv                           ;
; niosHello/synthesis/submodules/niosHello_mm_interconnect_0_cmd_mux_001.sv                       ;
; niosHello/synthesis/submodules/niosHello_mm_interconnect_0_router.sv                            ;
; niosHello/synthesis/submodules/niosHello_mm_interconnect_0_router_001.sv                        ;
; niosHello/synthesis/submodules/niosHello_mm_interconnect_0_router_002.sv                        ;
; niosHello/synthesis/submodules/niosHello_mm_interconnect_0_router_003.sv                        ;
; niosHello/synthesis/submodules/niosHello_mm_interconnect_0_rsp_demux.sv                         ;
; niosHello/synthesis/submodules/niosHello_mm_interconnect_0_rsp_mux.sv                           ;
; niosHello/synthesis/submodules/niosHello_mm_interconnect_0_rsp_mux_001.sv                       ;
; niosHello/synthesis/submodules/niosHello_nios2_gen2_0.v                                         ;
; niosHello/synthesis/submodules/niosHello_nios2_gen2_0_cpu.sdc                                   ;
; niosHello/synthesis/submodules/niosHello_nios2_gen2_0_cpu.v                                     ;
; niosHello/synthesis/submodules/niosHello_nios2_gen2_0_cpu_debug_slave_sysclk.v                  ;
; niosHello/synthesis/submodules/niosHello_nios2_gen2_0_cpu_debug_slave_tck.v                     ;
; niosHello/synthesis/submodules/niosHello_nios2_gen2_0_cpu_debug_slave_wrapper.v                 ;
; niosHello/synthesis/submodules/niosHello_nios2_gen2_0_cpu_ociram_default_contents.mif           ;
; niosHello/synthesis/submodules/niosHello_nios2_gen2_0_cpu_rf_ram_a.mif                          ;
; niosHello/synthesis/submodules/niosHello_nios2_gen2_0_cpu_rf_ram_b.mif                          ;
; niosHello/synthesis/submodules/niosHello_nios2_gen2_0_cpu_test_bench.v                          ;
; niosHello/synthesis/submodules/niosHello_pio_0.v                                                ;
; niosHello/synthesis/submodules/niosHello_pio_1.v                                                ;
; niosHello/synthesis/submodules/niosHello_ram.hex                                                ;
; niosHello/synthesis/submodules/niosHello_ram.v                                                  ;
; niosHello/synthesis/submodules/niosHello_rom.hex                                                ;
; niosHello/synthesis/submodules/niosHello_rom.v                                                  ;
; topLevel.vhd                                                                                    ;
+-------------------------------------------------------------------------------------------------+


