Assembler report for entrega2-NIOSBlinkLed
Tue Oct  2 05:56:07 2018
Quartus Prime Version 16.0.0 Build 211 04/27/2016 SJ Lite Edition


---------------------
; Table of Contents ;
---------------------
  1. Legal Notice
  2. Assembler Summary
  3. Assembler Settings
  4. Assembler Encrypted IP Cores Summary
  5. Assembler Generated Files
  6. Assembler Device Options: entrega2-NIOSBlinkLed.sof
  7. Assembler Messages



----------------
; Legal Notice ;
----------------
Copyright (C) 1991-2016 Altera Corporation. All rights reserved.
Your use of Altera Corporation's design tools, logic functions 
and other software and tools, and its AMPP partner logic 
functions, and any output files from any of the foregoing 
(including device programming or simulation files), and any 
associated documentation or information are expressly subject 
to the terms and conditions of the Altera Program License 
Subscription Agreement, the Altera Quartus Prime License Agreement,
the Altera MegaCore Function License Agreement, or other 
applicable license agreement, including, without limitation, 
that your use is for the sole purpose of programming logic 
devices manufactured by Altera and sold by Altera or its 
authorized distributors.  Please refer to the applicable 
agreement for further details.



+---------------------------------------------------------------+
; Assembler Summary                                             ;
+-----------------------+---------------------------------------+
; Assembler Status      ; Successful - Tue Oct  2 05:56:07 2018 ;
; Revision Name         ; entrega2-NIOSBlinkLed                 ;
; Top-level Entity Name ; topLevel                              ;
; Family                ; Cyclone V                             ;
; Device                ; 5CSEBA6U23I7                          ;
+-----------------------+---------------------------------------+


+----------------------------------+
; Assembler Settings               ;
+--------+---------+---------------+
; Option ; Setting ; Default Value ;
+--------+---------+---------------+


+------------------------------------------------+
; Assembler Encrypted IP Cores Summary           ;
+--------+------------------------+--------------+
; Vendor ; IP Core Name           ; License Type ;
+--------+------------------------+--------------+
; Altera ; Signal Tap (6AF7 BCE1) ; Licensed     ;
; Altera ; Signal Tap (6AF7 BCEC) ; Licensed     ;
+--------+------------------------+--------------+


+---------------------------+
; Assembler Generated Files ;
+---------------------------+
; File Name                 ;
+---------------------------+
; entrega2-NIOSBlinkLed.sof ;
+---------------------------+


+-----------------------------------------------------+
; Assembler Device Options: entrega2-NIOSBlinkLed.sof ;
+----------------+------------------------------------+
; Option         ; Setting                            ;
+----------------+------------------------------------+
; Device         ; 5CSEBA6U23I7                       ;
; JTAG usercode  ; 0x0B0CFD78                         ;
; Checksum       ; 0x0B0CFD78                         ;
+----------------+------------------------------------+


+--------------------+
; Assembler Messages ;
+--------------------+
Info: *******************************************************************
Info: Running Quartus Prime Assembler
    Info: Version 16.0.0 Build 211 04/27/2016 SJ Lite Edition
    Info: Processing started: Tue Oct  2 05:55:55 2018
Info: Command: quartus_asm --read_settings_files=off --write_settings_files=off entrega2-NIOSBlinkLed -c entrega2-NIOSBlinkLed
Info (115030): Assembler is generating device programming files
Info: Quartus Prime Assembler was successful. 0 errors, 0 warnings
    Info: Peak virtual memory: 1293 megabytes
    Info: Processing ended: Tue Oct  2 05:56:07 2018
    Info: Elapsed time: 00:00:12
    Info: Total CPU time (on all processors): 00:00:12


